{"/Users/waynarbocangel/Documents/University_of_California_San_Diego/Spring_2022/cse_112/dev-waynar/cse112-sp22-group1/src/front-end/constants.js": {"path":"/Users/waynarbocangel/Documents/University_of_California_San_Diego/Spring_2022/cse_112/dev-waynar/cse112-sp22-group1/src/front-end/constants.js","statementMap":{"0":{"start":{"line":1,"column":17},"end":{"line":1,"column":127}},"1":{"start":{"line":2,"column":20},"end":{"line":2,"column":126}}},"fnMap":{},"branchMap":{"0":{"loc":{"start":{"line":1,"column":17},"end":{"line":1,"column":127}},"type":"cond-expr","locations":[{"start":{"line":1,"column":69},"end":{"line":1,"column":101}},{"start":{"line":1,"column":104},"end":{"line":1,"column":127}}],"line":1},"1":{"loc":{"start":{"line":2,"column":20},"end":{"line":2,"column":126}},"type":"cond-expr","locations":[{"start":{"line":2,"column":72},"end":{"line":2,"column":100}},{"start":{"line":2,"column":103},"end":{"line":2,"column":126}}],"line":2}},"s":{"0":1,"1":1},"f":{},"b":{"0":[0,1],"1":[0,1]},"_coverageSchema":"1a1c01bbd47fc00a2c39e90264f33305004495a9","hash":"e7520db411835f2edb88fc9c2b7a331feefb9008"}
,"/Users/waynarbocangel/Documents/University_of_California_San_Diego/Spring_2022/cse_112/dev-waynar/cse112-sp22-group1/src/front-end/localStorage/userOperations.js": {"path":"/Users/waynarbocangel/Documents/University_of_California_San_Diego/Spring_2022/cse_112/dev-waynar/cse112-sp22-group1/src/front-end/localStorage/userOperations.js","statementMap":{"0":{"start":{"line":66,"column":16},"end":{"line":66,"column":20}},"1":{"start":{"line":68,"column":0},"end":{"line":72,"column":1}},"2":{"start":{"line":69,"column":1},"end":{"line":69,"column":27}},"3":{"start":{"line":71,"column":1},"end":{"line":71,"column":11}},"4":{"start":{"line":78,"column":26},"end":{"line":84,"column":1}},"5":{"start":{"line":79,"column":1},"end":{"line":83,"column":2}},"6":{"start":{"line":80,"column":2},"end":{"line":80,"column":16}},"7":{"start":{"line":82,"column":2},"end":{"line":82,"column":28}},"8":{"start":{"line":108,"column":1},"end":{"line":121,"column":4}},"9":{"start":{"line":119,"column":19},"end":{"line":119,"column":30}},"10":{"start":{"line":120,"column":2},"end":{"line":120,"column":16}},"11":{"start":{"line":130,"column":1},"end":{"line":139,"column":4}},"12":{"start":{"line":137,"column":19},"end":{"line":137,"column":30}},"13":{"start":{"line":138,"column":2},"end":{"line":138,"column":16}},"14":{"start":{"line":146,"column":1},"end":{"line":146,"column":28}},"15":{"start":{"line":162,"column":1},"end":{"line":174,"column":4}},"16":{"start":{"line":163,"column":2},"end":{"line":173,"column":3}},"17":{"start":{"line":164,"column":3},"end":{"line":170,"column":6}},"18":{"start":{"line":165,"column":4},"end":{"line":168,"column":5}},"19":{"start":{"line":166,"column":5},"end":{"line":166,"column":36}},"20":{"start":{"line":167,"column":5},"end":{"line":167,"column":12}},"21":{"start":{"line":169,"column":4},"end":{"line":169,"column":36}},"22":{"start":{"line":172,"column":3},"end":{"line":172,"column":24}},"23":{"start":{"line":190,"column":1},"end":{"line":202,"column":4}},"24":{"start":{"line":191,"column":2},"end":{"line":201,"column":3}},"25":{"start":{"line":192,"column":3},"end":{"line":198,"column":6}},"26":{"start":{"line":193,"column":4},"end":{"line":196,"column":5}},"27":{"start":{"line":194,"column":5},"end":{"line":194,"column":36}},"28":{"start":{"line":195,"column":5},"end":{"line":195,"column":12}},"29":{"start":{"line":197,"column":4},"end":{"line":197,"column":41}},"30":{"start":{"line":200,"column":3},"end":{"line":200,"column":29}},"31":{"start":{"line":217,"column":1},"end":{"line":229,"column":4}},"32":{"start":{"line":218,"column":2},"end":{"line":228,"column":3}},"33":{"start":{"line":219,"column":3},"end":{"line":225,"column":6}},"34":{"start":{"line":220,"column":4},"end":{"line":223,"column":5}},"35":{"start":{"line":221,"column":5},"end":{"line":221,"column":36}},"36":{"start":{"line":222,"column":5},"end":{"line":222,"column":12}},"37":{"start":{"line":224,"column":4},"end":{"line":224,"column":34}},"38":{"start":{"line":227,"column":3},"end":{"line":227,"column":22}},"39":{"start":{"line":242,"column":1},"end":{"line":254,"column":4}},"40":{"start":{"line":243,"column":2},"end":{"line":253,"column":3}},"41":{"start":{"line":244,"column":3},"end":{"line":250,"column":6}},"42":{"start":{"line":245,"column":4},"end":{"line":248,"column":5}},"43":{"start":{"line":246,"column":5},"end":{"line":246,"column":36}},"44":{"start":{"line":247,"column":5},"end":{"line":247,"column":12}},"45":{"start":{"line":249,"column":4},"end":{"line":249,"column":36}},"46":{"start":{"line":252,"column":3},"end":{"line":252,"column":26}},"47":{"start":{"line":271,"column":1},"end":{"line":283,"column":4}},"48":{"start":{"line":272,"column":2},"end":{"line":282,"column":3}},"49":{"start":{"line":273,"column":3},"end":{"line":279,"column":6}},"50":{"start":{"line":274,"column":4},"end":{"line":277,"column":5}},"51":{"start":{"line":275,"column":5},"end":{"line":275,"column":36}},"52":{"start":{"line":276,"column":5},"end":{"line":276,"column":12}},"53":{"start":{"line":278,"column":4},"end":{"line":278,"column":40}},"54":{"start":{"line":281,"column":3},"end":{"line":281,"column":28}},"55":{"start":{"line":297,"column":1},"end":{"line":309,"column":4}},"56":{"start":{"line":298,"column":2},"end":{"line":308,"column":3}},"57":{"start":{"line":299,"column":3},"end":{"line":305,"column":6}},"58":{"start":{"line":300,"column":4},"end":{"line":303,"column":5}},"59":{"start":{"line":301,"column":5},"end":{"line":301,"column":36}},"60":{"start":{"line":302,"column":5},"end":{"line":302,"column":12}},"61":{"start":{"line":304,"column":4},"end":{"line":304,"column":36}},"62":{"start":{"line":307,"column":3},"end":{"line":307,"column":24}},"63":{"start":{"line":326,"column":1},"end":{"line":338,"column":4}},"64":{"start":{"line":327,"column":2},"end":{"line":337,"column":3}},"65":{"start":{"line":328,"column":3},"end":{"line":334,"column":6}},"66":{"start":{"line":329,"column":4},"end":{"line":332,"column":5}},"67":{"start":{"line":330,"column":5},"end":{"line":330,"column":36}},"68":{"start":{"line":331,"column":5},"end":{"line":331,"column":12}},"69":{"start":{"line":333,"column":4},"end":{"line":333,"column":36}},"70":{"start":{"line":336,"column":3},"end":{"line":336,"column":26}},"71":{"start":{"line":350,"column":1},"end":{"line":362,"column":4}},"72":{"start":{"line":351,"column":2},"end":{"line":361,"column":3}},"73":{"start":{"line":352,"column":3},"end":{"line":358,"column":6}},"74":{"start":{"line":353,"column":4},"end":{"line":356,"column":5}},"75":{"start":{"line":354,"column":5},"end":{"line":354,"column":36}},"76":{"start":{"line":355,"column":5},"end":{"line":355,"column":12}},"77":{"start":{"line":357,"column":4},"end":{"line":357,"column":40}},"78":{"start":{"line":360,"column":3},"end":{"line":360,"column":28}},"79":{"start":{"line":375,"column":1},"end":{"line":387,"column":4}},"80":{"start":{"line":376,"column":2},"end":{"line":386,"column":3}},"81":{"start":{"line":377,"column":3},"end":{"line":383,"column":6}},"82":{"start":{"line":378,"column":4},"end":{"line":381,"column":5}},"83":{"start":{"line":379,"column":5},"end":{"line":379,"column":36}},"84":{"start":{"line":380,"column":5},"end":{"line":380,"column":12}},"85":{"start":{"line":382,"column":4},"end":{"line":382,"column":35}},"86":{"start":{"line":385,"column":3},"end":{"line":385,"column":25}},"87":{"start":{"line":405,"column":1},"end":{"line":417,"column":4}},"88":{"start":{"line":406,"column":2},"end":{"line":416,"column":3}},"89":{"start":{"line":407,"column":3},"end":{"line":413,"column":6}},"90":{"start":{"line":408,"column":4},"end":{"line":411,"column":5}},"91":{"start":{"line":409,"column":5},"end":{"line":409,"column":36}},"92":{"start":{"line":410,"column":5},"end":{"line":410,"column":12}},"93":{"start":{"line":412,"column":4},"end":{"line":412,"column":40}},"94":{"start":{"line":415,"column":3},"end":{"line":415,"column":30}},"95":{"start":{"line":432,"column":1},"end":{"line":444,"column":4}},"96":{"start":{"line":433,"column":2},"end":{"line":443,"column":3}},"97":{"start":{"line":434,"column":3},"end":{"line":440,"column":6}},"98":{"start":{"line":435,"column":4},"end":{"line":438,"column":5}},"99":{"start":{"line":436,"column":5},"end":{"line":436,"column":36}},"100":{"start":{"line":437,"column":5},"end":{"line":437,"column":12}},"101":{"start":{"line":439,"column":4},"end":{"line":439,"column":38}},"102":{"start":{"line":442,"column":3},"end":{"line":442,"column":26}},"103":{"start":{"line":455,"column":1},"end":{"line":474,"column":4}},"104":{"start":{"line":466,"column":19},"end":{"line":466,"column":30}},"105":{"start":{"line":467,"column":2},"end":{"line":473,"column":3}},"106":{"start":{"line":468,"column":3},"end":{"line":468,"column":22}},"107":{"start":{"line":470,"column":3},"end":{"line":472,"column":6}},"108":{"start":{"line":471,"column":4},"end":{"line":471,"column":19}},"109":{"start":{"line":485,"column":1},"end":{"line":487,"column":4}},"110":{"start":{"line":486,"column":2},"end":{"line":486,"column":22}},"111":{"start":{"line":500,"column":1},"end":{"line":508,"column":4}},"112":{"start":{"line":501,"column":2},"end":{"line":507,"column":3}},"113":{"start":{"line":502,"column":3},"end":{"line":504,"column":6}},"114":{"start":{"line":503,"column":4},"end":{"line":503,"column":29}},"115":{"start":{"line":506,"column":3},"end":{"line":506,"column":17}},"116":{"start":{"line":519,"column":1},"end":{"line":527,"column":4}},"117":{"start":{"line":520,"column":2},"end":{"line":526,"column":3}},"118":{"start":{"line":521,"column":3},"end":{"line":523,"column":6}},"119":{"start":{"line":522,"column":4},"end":{"line":522,"column":29}},"120":{"start":{"line":525,"column":3},"end":{"line":525,"column":17}},"121":{"start":{"line":539,"column":1},"end":{"line":547,"column":4}},"122":{"start":{"line":540,"column":2},"end":{"line":546,"column":3}},"123":{"start":{"line":541,"column":3},"end":{"line":543,"column":6}},"124":{"start":{"line":542,"column":4},"end":{"line":542,"column":29}},"125":{"start":{"line":545,"column":3},"end":{"line":545,"column":17}},"126":{"start":{"line":558,"column":1},"end":{"line":572,"column":3}},"127":{"start":{"line":559,"column":2},"end":{"line":571,"column":3}},"128":{"start":{"line":560,"column":3},"end":{"line":560,"column":17}},"129":{"start":{"line":562,"column":3},"end":{"line":570,"column":6}},"130":{"start":{"line":562,"column":69},"end":{"line":562,"column":89}},"131":{"start":{"line":563,"column":4},"end":{"line":569,"column":5}},"132":{"start":{"line":564,"column":5},"end":{"line":566,"column":8}},"133":{"start":{"line":565,"column":6},"end":{"line":565,"column":31}},"134":{"start":{"line":568,"column":5},"end":{"line":568,"column":22}},"135":{"start":{"line":584,"column":1},"end":{"line":592,"column":4}},"136":{"start":{"line":585,"column":2},"end":{"line":591,"column":3}},"137":{"start":{"line":586,"column":3},"end":{"line":588,"column":6}},"138":{"start":{"line":587,"column":4},"end":{"line":587,"column":29}},"139":{"start":{"line":590,"column":3},"end":{"line":590,"column":17}},"140":{"start":{"line":601,"column":1},"end":{"line":634,"column":2}},"141":{"start":{"line":602,"column":2},"end":{"line":617,"column":5}},"142":{"start":{"line":609,"column":20},"end":{"line":609,"column":31}},"143":{"start":{"line":610,"column":3},"end":{"line":616,"column":6}},"144":{"start":{"line":611,"column":4},"end":{"line":613,"column":5}},"145":{"start":{"line":612,"column":5},"end":{"line":612,"column":16}},"146":{"start":{"line":614,"column":5},"end":{"line":614,"column":27}},"147":{"start":{"line":619,"column":2},"end":{"line":625,"column":5}},"148":{"start":{"line":620,"column":3},"end":{"line":624,"column":4}},"149":{"start":{"line":621,"column":4},"end":{"line":621,"column":21}},"150":{"start":{"line":623,"column":4},"end":{"line":623,"column":21}},"151":{"start":{"line":627,"column":2},"end":{"line":633,"column":5}},"152":{"start":{"line":628,"column":3},"end":{"line":632,"column":4}},"153":{"start":{"line":629,"column":4},"end":{"line":629,"column":21}},"154":{"start":{"line":631,"column":4},"end":{"line":631,"column":21}},"155":{"start":{"line":645,"column":1},"end":{"line":653,"column":4}},"156":{"start":{"line":646,"column":2},"end":{"line":652,"column":3}},"157":{"start":{"line":647,"column":3},"end":{"line":649,"column":6}},"158":{"start":{"line":648,"column":4},"end":{"line":648,"column":29}},"159":{"start":{"line":651,"column":3},"end":{"line":651,"column":17}},"160":{"start":{"line":664,"column":1},"end":{"line":672,"column":4}},"161":{"start":{"line":665,"column":2},"end":{"line":671,"column":3}},"162":{"start":{"line":666,"column":3},"end":{"line":668,"column":6}},"163":{"start":{"line":667,"column":4},"end":{"line":667,"column":29}},"164":{"start":{"line":670,"column":3},"end":{"line":670,"column":17}},"165":{"start":{"line":684,"column":1},"end":{"line":692,"column":4}},"166":{"start":{"line":685,"column":2},"end":{"line":691,"column":3}},"167":{"start":{"line":686,"column":3},"end":{"line":688,"column":6}},"168":{"start":{"line":687,"column":4},"end":{"line":687,"column":29}},"169":{"start":{"line":690,"column":3},"end":{"line":690,"column":17}},"170":{"start":{"line":703,"column":1},"end":{"line":711,"column":4}},"171":{"start":{"line":704,"column":2},"end":{"line":710,"column":3}},"172":{"start":{"line":705,"column":3},"end":{"line":707,"column":6}},"173":{"start":{"line":706,"column":4},"end":{"line":706,"column":29}},"174":{"start":{"line":709,"column":3},"end":{"line":709,"column":17}},"175":{"start":{"line":722,"column":1},"end":{"line":730,"column":4}},"176":{"start":{"line":723,"column":2},"end":{"line":729,"column":3}},"177":{"start":{"line":724,"column":3},"end":{"line":726,"column":6}},"178":{"start":{"line":725,"column":4},"end":{"line":725,"column":29}},"179":{"start":{"line":728,"column":3},"end":{"line":728,"column":17}},"180":{"start":{"line":741,"column":1},"end":{"line":749,"column":4}},"181":{"start":{"line":742,"column":2},"end":{"line":748,"column":3}},"182":{"start":{"line":743,"column":3},"end":{"line":745,"column":6}},"183":{"start":{"line":744,"column":4},"end":{"line":744,"column":29}},"184":{"start":{"line":747,"column":3},"end":{"line":747,"column":17}},"185":{"start":{"line":761,"column":1},"end":{"line":769,"column":4}},"186":{"start":{"line":762,"column":2},"end":{"line":768,"column":3}},"187":{"start":{"line":763,"column":3},"end":{"line":765,"column":6}},"188":{"start":{"line":764,"column":4},"end":{"line":764,"column":29}},"189":{"start":{"line":767,"column":3},"end":{"line":767,"column":17}},"190":{"start":{"line":780,"column":1},"end":{"line":788,"column":4}},"191":{"start":{"line":781,"column":2},"end":{"line":787,"column":3}},"192":{"start":{"line":782,"column":3},"end":{"line":784,"column":6}},"193":{"start":{"line":783,"column":4},"end":{"line":783,"column":29}},"194":{"start":{"line":786,"column":3},"end":{"line":786,"column":17}},"195":{"start":{"line":799,"column":1},"end":{"line":807,"column":4}},"196":{"start":{"line":800,"column":2},"end":{"line":806,"column":3}},"197":{"start":{"line":801,"column":3},"end":{"line":803,"column":6}},"198":{"start":{"line":802,"column":4},"end":{"line":802,"column":29}},"199":{"start":{"line":805,"column":3},"end":{"line":805,"column":17}},"200":{"start":{"line":818,"column":1},"end":{"line":826,"column":4}},"201":{"start":{"line":819,"column":2},"end":{"line":825,"column":3}},"202":{"start":{"line":820,"column":3},"end":{"line":822,"column":6}},"203":{"start":{"line":821,"column":4},"end":{"line":821,"column":29}},"204":{"start":{"line":824,"column":3},"end":{"line":824,"column":17}},"205":{"start":{"line":837,"column":1},"end":{"line":845,"column":4}},"206":{"start":{"line":838,"column":2},"end":{"line":844,"column":3}},"207":{"start":{"line":839,"column":3},"end":{"line":841,"column":6}},"208":{"start":{"line":840,"column":4},"end":{"line":840,"column":29}},"209":{"start":{"line":843,"column":3},"end":{"line":843,"column":17}},"210":{"start":{"line":856,"column":1},"end":{"line":864,"column":4}},"211":{"start":{"line":857,"column":2},"end":{"line":863,"column":3}},"212":{"start":{"line":858,"column":3},"end":{"line":860,"column":6}},"213":{"start":{"line":859,"column":4},"end":{"line":859,"column":29}},"214":{"start":{"line":862,"column":3},"end":{"line":862,"column":17}},"215":{"start":{"line":876,"column":1},"end":{"line":884,"column":4}},"216":{"start":{"line":877,"column":2},"end":{"line":883,"column":3}},"217":{"start":{"line":878,"column":3},"end":{"line":880,"column":6}},"218":{"start":{"line":879,"column":4},"end":{"line":879,"column":29}},"219":{"start":{"line":882,"column":3},"end":{"line":882,"column":17}},"220":{"start":{"line":896,"column":1},"end":{"line":911,"column":4}},"221":{"start":{"line":897,"column":2},"end":{"line":910,"column":3}},"222":{"start":{"line":898,"column":3},"end":{"line":898,"column":17}},"223":{"start":{"line":900,"column":15},"end":{"line":900,"column":73}},"224":{"start":{"line":900,"column":53},"end":{"line":900,"column":72}},"225":{"start":{"line":901,"column":3},"end":{"line":909,"column":6}},"226":{"start":{"line":902,"column":4},"end":{"line":908,"column":5}},"227":{"start":{"line":903,"column":5},"end":{"line":905,"column":8}},"228":{"start":{"line":904,"column":6},"end":{"line":904,"column":31}},"229":{"start":{"line":907,"column":5},"end":{"line":907,"column":22}},"230":{"start":{"line":923,"column":1},"end":{"line":931,"column":4}},"231":{"start":{"line":924,"column":2},"end":{"line":930,"column":3}},"232":{"start":{"line":925,"column":3},"end":{"line":927,"column":6}},"233":{"start":{"line":926,"column":4},"end":{"line":926,"column":29}},"234":{"start":{"line":929,"column":3},"end":{"line":929,"column":17}},"235":{"start":{"line":942,"column":1},"end":{"line":950,"column":4}},"236":{"start":{"line":943,"column":2},"end":{"line":949,"column":3}},"237":{"start":{"line":944,"column":3},"end":{"line":946,"column":6}},"238":{"start":{"line":945,"column":4},"end":{"line":945,"column":29}},"239":{"start":{"line":948,"column":3},"end":{"line":948,"column":17}},"240":{"start":{"line":961,"column":1},"end":{"line":969,"column":4}},"241":{"start":{"line":962,"column":2},"end":{"line":968,"column":3}},"242":{"start":{"line":963,"column":3},"end":{"line":965,"column":6}},"243":{"start":{"line":964,"column":4},"end":{"line":964,"column":29}},"244":{"start":{"line":967,"column":3},"end":{"line":967,"column":17}},"245":{"start":{"line":981,"column":1},"end":{"line":989,"column":4}},"246":{"start":{"line":982,"column":2},"end":{"line":988,"column":3}},"247":{"start":{"line":983,"column":3},"end":{"line":985,"column":6}},"248":{"start":{"line":984,"column":4},"end":{"line":984,"column":29}},"249":{"start":{"line":987,"column":3},"end":{"line":987,"column":17}},"250":{"start":{"line":998,"column":1},"end":{"line":1002,"column":4}},"251":{"start":{"line":999,"column":2},"end":{"line":1001,"column":5}},"252":{"start":{"line":1000,"column":3},"end":{"line":1000,"column":28}},"253":{"start":{"line":1017,"column":1},"end":{"line":1025,"column":4}},"254":{"start":{"line":1018,"column":2},"end":{"line":1024,"column":3}},"255":{"start":{"line":1019,"column":3},"end":{"line":1021,"column":6}},"256":{"start":{"line":1020,"column":4},"end":{"line":1020,"column":29}},"257":{"start":{"line":1023,"column":3},"end":{"line":1023,"column":17}},"258":{"start":{"line":1038,"column":1},"end":{"line":1047,"column":4}},"259":{"start":{"line":1039,"column":2},"end":{"line":1045,"column":3}},"260":{"start":{"line":1040,"column":3},"end":{"line":1042,"column":6}},"261":{"start":{"line":1041,"column":4},"end":{"line":1041,"column":29}},"262":{"start":{"line":1044,"column":3},"end":{"line":1044,"column":19}},"263":{"start":{"line":1060,"column":1},"end":{"line":1068,"column":4}},"264":{"start":{"line":1061,"column":2},"end":{"line":1067,"column":3}},"265":{"start":{"line":1062,"column":3},"end":{"line":1064,"column":6}},"266":{"start":{"line":1063,"column":4},"end":{"line":1063,"column":29}},"267":{"start":{"line":1066,"column":3},"end":{"line":1066,"column":17}},"268":{"start":{"line":1081,"column":1},"end":{"line":1089,"column":4}},"269":{"start":{"line":1082,"column":2},"end":{"line":1088,"column":3}},"270":{"start":{"line":1083,"column":3},"end":{"line":1085,"column":6}},"271":{"start":{"line":1084,"column":4},"end":{"line":1084,"column":29}},"272":{"start":{"line":1087,"column":3},"end":{"line":1087,"column":19}},"273":{"start":{"line":1100,"column":1},"end":{"line":1108,"column":4}},"274":{"start":{"line":1101,"column":2},"end":{"line":1107,"column":3}},"275":{"start":{"line":1102,"column":3},"end":{"line":1104,"column":6}},"276":{"start":{"line":1103,"column":4},"end":{"line":1103,"column":29}},"277":{"start":{"line":1106,"column":3},"end":{"line":1106,"column":19}},"278":{"start":{"line":1121,"column":1},"end":{"line":1129,"column":4}},"279":{"start":{"line":1122,"column":2},"end":{"line":1128,"column":3}},"280":{"start":{"line":1123,"column":3},"end":{"line":1125,"column":6}},"281":{"start":{"line":1124,"column":4},"end":{"line":1124,"column":29}},"282":{"start":{"line":1127,"column":3},"end":{"line":1127,"column":17}},"283":{"start":{"line":1142,"column":1},"end":{"line":1150,"column":4}},"284":{"start":{"line":1143,"column":2},"end":{"line":1149,"column":3}},"285":{"start":{"line":1144,"column":3},"end":{"line":1146,"column":6}},"286":{"start":{"line":1145,"column":4},"end":{"line":1145,"column":29}},"287":{"start":{"line":1148,"column":3},"end":{"line":1148,"column":17}},"288":{"start":{"line":1161,"column":1},"end":{"line":1169,"column":4}},"289":{"start":{"line":1162,"column":2},"end":{"line":1168,"column":3}},"290":{"start":{"line":1163,"column":3},"end":{"line":1165,"column":6}},"291":{"start":{"line":1164,"column":4},"end":{"line":1164,"column":29}},"292":{"start":{"line":1167,"column":3},"end":{"line":1167,"column":19}},"293":{"start":{"line":1182,"column":1},"end":{"line":1190,"column":4}},"294":{"start":{"line":1183,"column":2},"end":{"line":1189,"column":3}},"295":{"start":{"line":1184,"column":3},"end":{"line":1186,"column":6}},"296":{"start":{"line":1185,"column":4},"end":{"line":1185,"column":29}},"297":{"start":{"line":1188,"column":3},"end":{"line":1188,"column":17}},"298":{"start":{"line":1204,"column":1},"end":{"line":1212,"column":4}},"299":{"start":{"line":1205,"column":2},"end":{"line":1211,"column":3}},"300":{"start":{"line":1206,"column":3},"end":{"line":1208,"column":6}},"301":{"start":{"line":1207,"column":4},"end":{"line":1207,"column":29}},"302":{"start":{"line":1210,"column":3},"end":{"line":1210,"column":17}},"303":{"start":{"line":1223,"column":1},"end":{"line":1231,"column":3}},"304":{"start":{"line":1224,"column":2},"end":{"line":1230,"column":3}},"305":{"start":{"line":1225,"column":3},"end":{"line":1227,"column":6}},"306":{"start":{"line":1226,"column":4},"end":{"line":1226,"column":29}},"307":{"start":{"line":1229,"column":3},"end":{"line":1229,"column":17}},"308":{"start":{"line":1244,"column":1},"end":{"line":1254,"column":4}},"309":{"start":{"line":1245,"column":2},"end":{"line":1253,"column":3}},"310":{"start":{"line":1246,"column":3},"end":{"line":1248,"column":6}},"311":{"start":{"line":1247,"column":4},"end":{"line":1247,"column":29}}},"fnMap":{"0":{"name":"(anonymous_0)","decl":{"start":{"line":78,"column":26},"end":{"line":78,"column":27}},"loc":{"start":{"line":78,"column":40},"end":{"line":84,"column":1}},"line":78},"1":{"name":"loginUser","decl":{"start":{"line":107,"column":16},"end":{"line":107,"column":25}},"loc":{"start":{"line":107,"column":49},"end":{"line":122,"column":1}},"line":107},"2":{"name":"(anonymous_2)","decl":{"start":{"line":119,"column":9},"end":{"line":119,"column":10}},"loc":{"start":{"line":119,"column":19},"end":{"line":119,"column":30}},"line":119},"3":{"name":"(anonymous_3)","decl":{"start":{"line":119,"column":37},"end":{"line":119,"column":38}},"loc":{"start":{"line":119,"column":46},"end":{"line":121,"column":2}},"line":119},"4":{"name":"getUser","decl":{"start":{"line":129,"column":16},"end":{"line":129,"column":23}},"loc":{"start":{"line":129,"column":35},"end":{"line":140,"column":1}},"line":129},"5":{"name":"(anonymous_5)","decl":{"start":{"line":137,"column":9},"end":{"line":137,"column":10}},"loc":{"start":{"line":137,"column":19},"end":{"line":137,"column":30}},"line":137},"6":{"name":"(anonymous_6)","decl":{"start":{"line":137,"column":37},"end":{"line":137,"column":38}},"loc":{"start":{"line":137,"column":46},"end":{"line":139,"column":2}},"line":137},"7":{"name":"updateUserFromMongo","decl":{"start":{"line":145,"column":16},"end":{"line":145,"column":35}},"loc":{"start":{"line":145,"column":47},"end":{"line":147,"column":1}},"line":145},"8":{"name":"createAudioBlock","decl":{"start":{"line":161,"column":16},"end":{"line":161,"column":32}},"loc":{"start":{"line":161,"column":92},"end":{"line":175,"column":1}},"line":161},"9":{"name":"(anonymous_9)","decl":{"start":{"line":162,"column":61},"end":{"line":162,"column":62}},"loc":{"start":{"line":162,"column":77},"end":{"line":174,"column":2}},"line":162},"10":{"name":"(anonymous_10)","decl":{"start":{"line":164,"column":23},"end":{"line":164,"column":24}},"loc":{"start":{"line":164,"column":43},"end":{"line":170,"column":4}},"line":164},"11":{"name":"createCollection","decl":{"start":{"line":189,"column":16},"end":{"line":189,"column":32}},"loc":{"start":{"line":189,"column":118},"end":{"line":203,"column":1}},"line":189},"12":{"name":"(anonymous_12)","decl":{"start":{"line":190,"column":87},"end":{"line":190,"column":88}},"loc":{"start":{"line":190,"column":108},"end":{"line":202,"column":2}},"line":190},"13":{"name":"(anonymous_13)","decl":{"start":{"line":192,"column":23},"end":{"line":192,"column":24}},"loc":{"start":{"line":192,"column":43},"end":{"line":198,"column":4}},"line":192},"14":{"name":"createDailyLog","decl":{"start":{"line":216,"column":16},"end":{"line":216,"column":30}},"loc":{"start":{"line":216,"column":102},"end":{"line":230,"column":1}},"line":216},"15":{"name":"(anonymous_15)","decl":{"start":{"line":217,"column":71},"end":{"line":217,"column":72}},"loc":{"start":{"line":217,"column":85},"end":{"line":229,"column":2}},"line":217},"16":{"name":"(anonymous_16)","decl":{"start":{"line":219,"column":23},"end":{"line":219,"column":24}},"loc":{"start":{"line":219,"column":43},"end":{"line":225,"column":4}},"line":219},"17":{"name":"createEvent","decl":{"start":{"line":241,"column":16},"end":{"line":241,"column":27}},"loc":{"start":{"line":241,"column":78},"end":{"line":255,"column":1}},"line":241},"18":{"name":"(anonymous_18)","decl":{"start":{"line":242,"column":47},"end":{"line":242,"column":48}},"loc":{"start":{"line":242,"column":65},"end":{"line":254,"column":2}},"line":242},"19":{"name":"(anonymous_19)","decl":{"start":{"line":244,"column":23},"end":{"line":244,"column":24}},"loc":{"start":{"line":244,"column":43},"end":{"line":250,"column":4}},"line":244},"20":{"name":"createFutureLog","decl":{"start":{"line":270,"column":16},"end":{"line":270,"column":31}},"loc":{"start":{"line":270,"column":124},"end":{"line":284,"column":1}},"line":270},"21":{"name":"(anonymous_21)","decl":{"start":{"line":271,"column":93},"end":{"line":271,"column":94}},"loc":{"start":{"line":271,"column":113},"end":{"line":283,"column":2}},"line":271},"22":{"name":"(anonymous_22)","decl":{"start":{"line":273,"column":23},"end":{"line":273,"column":24}},"loc":{"start":{"line":273,"column":43},"end":{"line":279,"column":4}},"line":273},"23":{"name":"createImageBlock","decl":{"start":{"line":296,"column":16},"end":{"line":296,"column":32}},"loc":{"start":{"line":296,"column":92},"end":{"line":310,"column":1}},"line":296},"24":{"name":"(anonymous_24)","decl":{"start":{"line":297,"column":61},"end":{"line":297,"column":62}},"loc":{"start":{"line":297,"column":77},"end":{"line":309,"column":2}},"line":297},"25":{"name":"(anonymous_25)","decl":{"start":{"line":299,"column":23},"end":{"line":299,"column":24}},"loc":{"start":{"line":299,"column":43},"end":{"line":305,"column":4}},"line":299},"26":{"name":"createMonthlyLog","decl":{"start":{"line":325,"column":16},"end":{"line":325,"column":32}},"loc":{"start":{"line":325,"column":124},"end":{"line":339,"column":1}},"line":325},"27":{"name":"(anonymous_27)","decl":{"start":{"line":326,"column":93},"end":{"line":326,"column":94}},"loc":{"start":{"line":326,"column":111},"end":{"line":338,"column":2}},"line":326},"28":{"name":"(anonymous_28)","decl":{"start":{"line":328,"column":23},"end":{"line":328,"column":24}},"loc":{"start":{"line":328,"column":43},"end":{"line":334,"column":4}},"line":328},"29":{"name":"createSignifier","decl":{"start":{"line":349,"column":16},"end":{"line":349,"column":31}},"loc":{"start":{"line":349,"column":74},"end":{"line":363,"column":1}},"line":349},"30":{"name":"(anonymous_30)","decl":{"start":{"line":350,"column":43},"end":{"line":350,"column":44}},"loc":{"start":{"line":350,"column":63},"end":{"line":362,"column":2}},"line":350},"31":{"name":"(anonymous_31)","decl":{"start":{"line":352,"column":23},"end":{"line":352,"column":24}},"loc":{"start":{"line":352,"column":43},"end":{"line":358,"column":4}},"line":352},"32":{"name":"createTask","decl":{"start":{"line":374,"column":16},"end":{"line":374,"column":26}},"loc":{"start":{"line":374,"column":80},"end":{"line":388,"column":1}},"line":374},"33":{"name":"(anonymous_33)","decl":{"start":{"line":375,"column":49},"end":{"line":375,"column":50}},"loc":{"start":{"line":375,"column":66},"end":{"line":387,"column":2}},"line":375},"34":{"name":"(anonymous_34)","decl":{"start":{"line":377,"column":23},"end":{"line":377,"column":24}},"loc":{"start":{"line":377,"column":43},"end":{"line":383,"column":4}},"line":377},"35":{"name":"createTextBlock","decl":{"start":{"line":404,"column":16},"end":{"line":404,"column":31}},"loc":{"start":{"line":404,"column":132},"end":{"line":418,"column":1}},"line":404},"36":{"name":"(anonymous_36)","decl":{"start":{"line":405,"column":101},"end":{"line":405,"column":102}},"loc":{"start":{"line":405,"column":123},"end":{"line":417,"column":2}},"line":405},"37":{"name":"(anonymous_37)","decl":{"start":{"line":407,"column":23},"end":{"line":407,"column":24}},"loc":{"start":{"line":407,"column":43},"end":{"line":413,"column":4}},"line":407},"38":{"name":"createTracker","decl":{"start":{"line":431,"column":16},"end":{"line":431,"column":29}},"loc":{"start":{"line":431,"column":103},"end":{"line":445,"column":1}},"line":431},"39":{"name":"(anonymous_39)","decl":{"start":{"line":432,"column":72},"end":{"line":432,"column":73}},"loc":{"start":{"line":432,"column":90},"end":{"line":444,"column":2}},"line":432},"40":{"name":"(anonymous_40)","decl":{"start":{"line":434,"column":23},"end":{"line":434,"column":24}},"loc":{"start":{"line":434,"column":43},"end":{"line":440,"column":4}},"line":434},"41":{"name":"createUser","decl":{"start":{"line":454,"column":16},"end":{"line":454,"column":26}},"loc":{"start":{"line":454,"column":50},"end":{"line":475,"column":1}},"line":454},"42":{"name":"(anonymous_42)","decl":{"start":{"line":466,"column":9},"end":{"line":466,"column":10}},"loc":{"start":{"line":466,"column":19},"end":{"line":466,"column":30}},"line":466},"43":{"name":"(anonymous_43)","decl":{"start":{"line":466,"column":37},"end":{"line":466,"column":38}},"loc":{"start":{"line":466,"column":51},"end":{"line":474,"column":2}},"line":466},"44":{"name":"(anonymous_44)","decl":{"start":{"line":470,"column":33},"end":{"line":470,"column":34}},"loc":{"start":{"line":470,"column":43},"end":{"line":472,"column":4}},"line":470},"45":{"name":"readUser","decl":{"start":{"line":484,"column":16},"end":{"line":484,"column":24}},"loc":{"start":{"line":484,"column":36},"end":{"line":488,"column":1}},"line":484},"46":{"name":"(anonymous_46)","decl":{"start":{"line":485,"column":19},"end":{"line":485,"column":20}},"loc":{"start":{"line":485,"column":34},"end":{"line":487,"column":2}},"line":485},"47":{"name":"deleteAudioBlock","decl":{"start":{"line":499,"column":16},"end":{"line":499,"column":32}},"loc":{"start":{"line":499,"column":70},"end":{"line":509,"column":1}},"line":499},"48":{"name":"(anonymous_48)","decl":{"start":{"line":500,"column":42},"end":{"line":500,"column":43}},"loc":{"start":{"line":500,"column":51},"end":{"line":508,"column":2}},"line":500},"49":{"name":"(anonymous_49)","decl":{"start":{"line":502,"column":23},"end":{"line":502,"column":24}},"loc":{"start":{"line":502,"column":43},"end":{"line":504,"column":4}},"line":502},"50":{"name":"deleteAudioBlockByID","decl":{"start":{"line":518,"column":16},"end":{"line":518,"column":36}},"loc":{"start":{"line":518,"column":66},"end":{"line":528,"column":1}},"line":518},"51":{"name":"(anonymous_51)","decl":{"start":{"line":519,"column":31},"end":{"line":519,"column":32}},"loc":{"start":{"line":519,"column":40},"end":{"line":527,"column":2}},"line":519},"52":{"name":"(anonymous_52)","decl":{"start":{"line":521,"column":23},"end":{"line":521,"column":24}},"loc":{"start":{"line":521,"column":43},"end":{"line":523,"column":4}},"line":521},"53":{"name":"deleteCollection","decl":{"start":{"line":538,"column":16},"end":{"line":538,"column":32}},"loc":{"start":{"line":538,"column":78},"end":{"line":548,"column":1}},"line":538},"54":{"name":"(anonymous_54)","decl":{"start":{"line":539,"column":47},"end":{"line":539,"column":48}},"loc":{"start":{"line":539,"column":56},"end":{"line":547,"column":2}},"line":539},"55":{"name":"(anonymous_55)","decl":{"start":{"line":541,"column":23},"end":{"line":541,"column":24}},"loc":{"start":{"line":541,"column":43},"end":{"line":543,"column":4}},"line":541},"56":{"name":"deleteCollectionByID","decl":{"start":{"line":557,"column":16},"end":{"line":557,"column":36}},"loc":{"start":{"line":557,"column":66},"end":{"line":573,"column":1}},"line":557},"57":{"name":"(anonymous_57)","decl":{"start":{"line":558,"column":10},"end":{"line":558,"column":11}},"loc":{"start":{"line":558,"column":25},"end":{"line":572,"column":2}},"line":558},"58":{"name":"(anonymous_58)","decl":{"start":{"line":562,"column":53},"end":{"line":562,"column":54}},"loc":{"start":{"line":562,"column":69},"end":{"line":562,"column":89}},"line":562},"59":{"name":"(anonymous_59)","decl":{"start":{"line":562,"column":95},"end":{"line":562,"column":96}},"loc":{"start":{"line":562,"column":107},"end":{"line":570,"column":4}},"line":562},"60":{"name":"(anonymous_60)","decl":{"start":{"line":564,"column":25},"end":{"line":564,"column":26}},"loc":{"start":{"line":564,"column":45},"end":{"line":566,"column":6}},"line":564},"61":{"name":"deleteDailyLog","decl":{"start":{"line":583,"column":17},"end":{"line":583,"column":31}},"loc":{"start":{"line":583,"column":75},"end":{"line":593,"column":1}},"line":583},"62":{"name":"(anonymous_62)","decl":{"start":{"line":584,"column":43},"end":{"line":584,"column":44}},"loc":{"start":{"line":584,"column":52},"end":{"line":592,"column":2}},"line":584},"63":{"name":"(anonymous_63)","decl":{"start":{"line":586,"column":23},"end":{"line":586,"column":24}},"loc":{"start":{"line":586,"column":43},"end":{"line":588,"column":4}},"line":586},"64":{"name":"deleteDB","decl":{"start":{"line":600,"column":22},"end":{"line":600,"column":30}},"loc":{"start":{"line":600,"column":39},"end":{"line":635,"column":1}},"line":600},"65":{"name":"(anonymous_65)","decl":{"start":{"line":609,"column":10},"end":{"line":609,"column":11}},"loc":{"start":{"line":609,"column":20},"end":{"line":609,"column":31}},"line":609},"66":{"name":"(anonymous_66)","decl":{"start":{"line":609,"column":38},"end":{"line":609,"column":39}},"loc":{"start":{"line":609,"column":58},"end":{"line":617,"column":3}},"line":609},"67":{"name":"(anonymous_67)","decl":{"start":{"line":610,"column":20},"end":{"line":610,"column":21}},"loc":{"start":{"line":610,"column":34},"end":{"line":616,"column":4}},"line":610},"68":{"name":"(anonymous_68)","decl":{"start":{"line":619,"column":13},"end":{"line":619,"column":14}},"loc":{"start":{"line":619,"column":27},"end":{"line":625,"column":3}},"line":619},"69":{"name":"(anonymous_69)","decl":{"start":{"line":627,"column":10},"end":{"line":627,"column":11}},"loc":{"start":{"line":627,"column":24},"end":{"line":633,"column":3}},"line":627},"70":{"name":"deleteEvent","decl":{"start":{"line":644,"column":16},"end":{"line":644,"column":27}},"loc":{"start":{"line":644,"column":60},"end":{"line":654,"column":1}},"line":644},"71":{"name":"(anonymous_71)","decl":{"start":{"line":645,"column":32},"end":{"line":645,"column":33}},"loc":{"start":{"line":645,"column":41},"end":{"line":653,"column":2}},"line":645},"72":{"name":"(anonymous_72)","decl":{"start":{"line":647,"column":23},"end":{"line":647,"column":24}},"loc":{"start":{"line":647,"column":43},"end":{"line":649,"column":4}},"line":647},"73":{"name":"deleteEventByID","decl":{"start":{"line":663,"column":16},"end":{"line":663,"column":31}},"loc":{"start":{"line":663,"column":61},"end":{"line":673,"column":1}},"line":663},"74":{"name":"(anonymous_74)","decl":{"start":{"line":664,"column":26},"end":{"line":664,"column":27}},"loc":{"start":{"line":664,"column":35},"end":{"line":672,"column":2}},"line":664},"75":{"name":"(anonymous_75)","decl":{"start":{"line":666,"column":23},"end":{"line":666,"column":24}},"loc":{"start":{"line":666,"column":43},"end":{"line":668,"column":4}},"line":666},"76":{"name":"deleteEventAtIndex","decl":{"start":{"line":683,"column":16},"end":{"line":683,"column":34}},"loc":{"start":{"line":683,"column":78},"end":{"line":693,"column":1}},"line":683},"77":{"name":"(anonymous_77)","decl":{"start":{"line":684,"column":48},"end":{"line":684,"column":49}},"loc":{"start":{"line":684,"column":57},"end":{"line":692,"column":2}},"line":684},"78":{"name":"(anonymous_78)","decl":{"start":{"line":686,"column":23},"end":{"line":686,"column":24}},"loc":{"start":{"line":686,"column":43},"end":{"line":688,"column":4}},"line":686},"79":{"name":"deleteFutureLog","decl":{"start":{"line":702,"column":16},"end":{"line":702,"column":31}},"loc":{"start":{"line":702,"column":68},"end":{"line":712,"column":1}},"line":702},"80":{"name":"(anonymous_80)","decl":{"start":{"line":703,"column":37},"end":{"line":703,"column":38}},"loc":{"start":{"line":703,"column":46},"end":{"line":711,"column":2}},"line":703},"81":{"name":"(anonymous_81)","decl":{"start":{"line":705,"column":23},"end":{"line":705,"column":24}},"loc":{"start":{"line":705,"column":43},"end":{"line":707,"column":4}},"line":705},"82":{"name":"deleteImageBlock","decl":{"start":{"line":721,"column":17},"end":{"line":721,"column":33}},"loc":{"start":{"line":721,"column":71},"end":{"line":731,"column":1}},"line":721},"83":{"name":"(anonymous_83)","decl":{"start":{"line":722,"column":42},"end":{"line":722,"column":43}},"loc":{"start":{"line":722,"column":51},"end":{"line":730,"column":2}},"line":722},"84":{"name":"(anonymous_84)","decl":{"start":{"line":724,"column":23},"end":{"line":724,"column":24}},"loc":{"start":{"line":724,"column":43},"end":{"line":726,"column":4}},"line":724},"85":{"name":"deleteImageBlockByID","decl":{"start":{"line":740,"column":16},"end":{"line":740,"column":36}},"loc":{"start":{"line":740,"column":66},"end":{"line":750,"column":1}},"line":740},"86":{"name":"(anonymous_86)","decl":{"start":{"line":741,"column":31},"end":{"line":741,"column":32}},"loc":{"start":{"line":741,"column":40},"end":{"line":749,"column":2}},"line":741},"87":{"name":"(anonymous_87)","decl":{"start":{"line":743,"column":23},"end":{"line":743,"column":24}},"loc":{"start":{"line":743,"column":43},"end":{"line":745,"column":4}},"line":743},"88":{"name":"deleteMonthlyLog","decl":{"start":{"line":760,"column":17},"end":{"line":760,"column":33}},"loc":{"start":{"line":760,"column":79},"end":{"line":770,"column":1}},"line":760},"89":{"name":"(anonymous_89)","decl":{"start":{"line":761,"column":47},"end":{"line":761,"column":48}},"loc":{"start":{"line":761,"column":56},"end":{"line":769,"column":2}},"line":761},"90":{"name":"(anonymous_90)","decl":{"start":{"line":763,"column":23},"end":{"line":763,"column":24}},"loc":{"start":{"line":763,"column":43},"end":{"line":765,"column":4}},"line":763},"91":{"name":"deleteSignifier","decl":{"start":{"line":779,"column":16},"end":{"line":779,"column":31}},"loc":{"start":{"line":779,"column":68},"end":{"line":789,"column":1}},"line":779},"92":{"name":"(anonymous_92)","decl":{"start":{"line":780,"column":40},"end":{"line":780,"column":41}},"loc":{"start":{"line":780,"column":49},"end":{"line":788,"column":2}},"line":780},"93":{"name":"(anonymous_93)","decl":{"start":{"line":782,"column":23},"end":{"line":782,"column":24}},"loc":{"start":{"line":782,"column":43},"end":{"line":784,"column":4}},"line":782},"94":{"name":"deleteSignifierByID","decl":{"start":{"line":798,"column":16},"end":{"line":798,"column":35}},"loc":{"start":{"line":798,"column":65},"end":{"line":808,"column":1}},"line":798},"95":{"name":"(anonymous_95)","decl":{"start":{"line":799,"column":30},"end":{"line":799,"column":31}},"loc":{"start":{"line":799,"column":39},"end":{"line":807,"column":2}},"line":799},"96":{"name":"(anonymous_96)","decl":{"start":{"line":801,"column":23},"end":{"line":801,"column":24}},"loc":{"start":{"line":801,"column":43},"end":{"line":803,"column":4}},"line":801},"97":{"name":"deleteSignifierAtBlock","decl":{"start":{"line":817,"column":16},"end":{"line":817,"column":38}},"loc":{"start":{"line":817,"column":71},"end":{"line":827,"column":1}},"line":817},"98":{"name":"(anonymous_98)","decl":{"start":{"line":818,"column":43},"end":{"line":818,"column":44}},"loc":{"start":{"line":818,"column":52},"end":{"line":826,"column":2}},"line":818},"99":{"name":"(anonymous_99)","decl":{"start":{"line":820,"column":23},"end":{"line":820,"column":24}},"loc":{"start":{"line":820,"column":43},"end":{"line":822,"column":4}},"line":820},"100":{"name":"deleteTask","decl":{"start":{"line":836,"column":16},"end":{"line":836,"column":26}},"loc":{"start":{"line":836,"column":58},"end":{"line":846,"column":1}},"line":836},"101":{"name":"(anonymous_101)","decl":{"start":{"line":837,"column":30},"end":{"line":837,"column":31}},"loc":{"start":{"line":837,"column":39},"end":{"line":845,"column":2}},"line":837},"102":{"name":"(anonymous_102)","decl":{"start":{"line":839,"column":23},"end":{"line":839,"column":24}},"loc":{"start":{"line":839,"column":43},"end":{"line":841,"column":4}},"line":839},"103":{"name":"deleteTaskByID","decl":{"start":{"line":855,"column":16},"end":{"line":855,"column":30}},"loc":{"start":{"line":855,"column":60},"end":{"line":865,"column":1}},"line":855},"104":{"name":"(anonymous_104)","decl":{"start":{"line":856,"column":25},"end":{"line":856,"column":26}},"loc":{"start":{"line":856,"column":34},"end":{"line":864,"column":2}},"line":856},"105":{"name":"(anonymous_105)","decl":{"start":{"line":858,"column":23},"end":{"line":858,"column":24}},"loc":{"start":{"line":858,"column":43},"end":{"line":860,"column":4}},"line":858},"106":{"name":"deleteTextBlock","decl":{"start":{"line":875,"column":16},"end":{"line":875,"column":31}},"loc":{"start":{"line":875,"column":72},"end":{"line":885,"column":1}},"line":875},"107":{"name":"(anonymous_107)","decl":{"start":{"line":876,"column":41},"end":{"line":876,"column":42}},"loc":{"start":{"line":876,"column":50},"end":{"line":884,"column":2}},"line":876},"108":{"name":"(anonymous_108)","decl":{"start":{"line":878,"column":23},"end":{"line":878,"column":24}},"loc":{"start":{"line":878,"column":43},"end":{"line":880,"column":4}},"line":878},"109":{"name":"deleteTextBlockByID","decl":{"start":{"line":895,"column":16},"end":{"line":895,"column":35}},"loc":{"start":{"line":895,"column":73},"end":{"line":912,"column":1}},"line":895},"110":{"name":"(anonymous_110)","decl":{"start":{"line":896,"column":10},"end":{"line":896,"column":11}},"loc":{"start":{"line":896,"column":25},"end":{"line":911,"column":2}},"line":896},"111":{"name":"(anonymous_111)","decl":{"start":{"line":900,"column":38},"end":{"line":900,"column":39}},"loc":{"start":{"line":900,"column":53},"end":{"line":900,"column":72}},"line":900},"112":{"name":"(anonymous_112)","decl":{"start":{"line":901,"column":43},"end":{"line":901,"column":44}},"loc":{"start":{"line":901,"column":55},"end":{"line":909,"column":4}},"line":901},"113":{"name":"(anonymous_113)","decl":{"start":{"line":903,"column":25},"end":{"line":903,"column":26}},"loc":{"start":{"line":903,"column":45},"end":{"line":905,"column":6}},"line":903},"114":{"name":"deleteTextBlockFromContainer","decl":{"start":{"line":922,"column":16},"end":{"line":922,"column":44}},"loc":{"start":{"line":922,"column":88},"end":{"line":932,"column":1}},"line":922},"115":{"name":"(anonymous_115)","decl":{"start":{"line":923,"column":53},"end":{"line":923,"column":54}},"loc":{"start":{"line":923,"column":62},"end":{"line":931,"column":2}},"line":923},"116":{"name":"(anonymous_116)","decl":{"start":{"line":925,"column":23},"end":{"line":925,"column":24}},"loc":{"start":{"line":925,"column":43},"end":{"line":927,"column":4}},"line":925},"117":{"name":"deleteTracker","decl":{"start":{"line":941,"column":16},"end":{"line":941,"column":29}},"loc":{"start":{"line":941,"column":64},"end":{"line":951,"column":1}},"line":941},"118":{"name":"(anonymous_118)","decl":{"start":{"line":942,"column":36},"end":{"line":942,"column":37}},"loc":{"start":{"line":942,"column":45},"end":{"line":950,"column":2}},"line":942},"119":{"name":"(anonymous_119)","decl":{"start":{"line":944,"column":23},"end":{"line":944,"column":24}},"loc":{"start":{"line":944,"column":43},"end":{"line":946,"column":4}},"line":944},"120":{"name":"deleteTrackerByID","decl":{"start":{"line":960,"column":16},"end":{"line":960,"column":33}},"loc":{"start":{"line":960,"column":63},"end":{"line":970,"column":1}},"line":960},"121":{"name":"(anonymous_121)","decl":{"start":{"line":961,"column":28},"end":{"line":961,"column":29}},"loc":{"start":{"line":961,"column":37},"end":{"line":969,"column":2}},"line":961},"122":{"name":"(anonymous_122)","decl":{"start":{"line":963,"column":23},"end":{"line":963,"column":24}},"loc":{"start":{"line":963,"column":43},"end":{"line":965,"column":4}},"line":963},"123":{"name":"deleteTrackerFromContainer","decl":{"start":{"line":980,"column":16},"end":{"line":980,"column":42}},"loc":{"start":{"line":980,"column":86},"end":{"line":990,"column":1}},"line":980},"124":{"name":"(anonymous_124)","decl":{"start":{"line":981,"column":51},"end":{"line":981,"column":52}},"loc":{"start":{"line":981,"column":60},"end":{"line":989,"column":2}},"line":981},"125":{"name":"(anonymous_125)","decl":{"start":{"line":983,"column":23},"end":{"line":983,"column":24}},"loc":{"start":{"line":983,"column":43},"end":{"line":985,"column":4}},"line":983},"126":{"name":"deleteUser","decl":{"start":{"line":997,"column":16},"end":{"line":997,"column":26}},"loc":{"start":{"line":997,"column":38},"end":{"line":1003,"column":1}},"line":997},"127":{"name":"(anonymous_127)","decl":{"start":{"line":998,"column":21},"end":{"line":998,"column":22}},"loc":{"start":{"line":998,"column":27},"end":{"line":1002,"column":2}},"line":998},"128":{"name":"(anonymous_128)","decl":{"start":{"line":999,"column":22},"end":{"line":999,"column":23}},"loc":{"start":{"line":999,"column":42},"end":{"line":1001,"column":3}},"line":999},"129":{"name":"updateAudioBlock","decl":{"start":{"line":1016,"column":16},"end":{"line":1016,"column":32}},"loc":{"start":{"line":1016,"column":89},"end":{"line":1026,"column":1}},"line":1016},"130":{"name":"(anonymous_130)","decl":{"start":{"line":1017,"column":58},"end":{"line":1017,"column":59}},"loc":{"start":{"line":1017,"column":67},"end":{"line":1025,"column":2}},"line":1017},"131":{"name":"(anonymous_131)","decl":{"start":{"line":1019,"column":23},"end":{"line":1019,"column":24}},"loc":{"start":{"line":1019,"column":43},"end":{"line":1021,"column":4}},"line":1019},"132":{"name":"updateCollection","decl":{"start":{"line":1037,"column":16},"end":{"line":1037,"column":32}},"loc":{"start":{"line":1037,"column":89},"end":{"line":1048,"column":1}},"line":1037},"133":{"name":"(anonymous_133)","decl":{"start":{"line":1038,"column":58},"end":{"line":1038,"column":59}},"loc":{"start":{"line":1038,"column":69},"end":{"line":1047,"column":2}},"line":1038},"134":{"name":"(anonymous_134)","decl":{"start":{"line":1040,"column":23},"end":{"line":1040,"column":24}},"loc":{"start":{"line":1040,"column":43},"end":{"line":1042,"column":4}},"line":1040},"135":{"name":"updateDailyLog","decl":{"start":{"line":1059,"column":16},"end":{"line":1059,"column":30}},"loc":{"start":{"line":1059,"column":85},"end":{"line":1069,"column":1}},"line":1059},"136":{"name":"(anonymous_136)","decl":{"start":{"line":1060,"column":54},"end":{"line":1060,"column":55}},"loc":{"start":{"line":1060,"column":63},"end":{"line":1068,"column":2}},"line":1060},"137":{"name":"(anonymous_137)","decl":{"start":{"line":1062,"column":23},"end":{"line":1062,"column":24}},"loc":{"start":{"line":1062,"column":43},"end":{"line":1064,"column":4}},"line":1062},"138":{"name":"updateEvent","decl":{"start":{"line":1080,"column":16},"end":{"line":1080,"column":27}},"loc":{"start":{"line":1080,"column":85},"end":{"line":1090,"column":1}},"line":1080},"139":{"name":"(anonymous_139)","decl":{"start":{"line":1081,"column":54},"end":{"line":1081,"column":55}},"loc":{"start":{"line":1081,"column":65},"end":{"line":1089,"column":2}},"line":1081},"140":{"name":"(anonymous_140)","decl":{"start":{"line":1083,"column":23},"end":{"line":1083,"column":24}},"loc":{"start":{"line":1083,"column":43},"end":{"line":1085,"column":4}},"line":1083},"141":{"name":"updateFutureLog","decl":{"start":{"line":1099,"column":16},"end":{"line":1099,"column":31}},"loc":{"start":{"line":1099,"column":68},"end":{"line":1109,"column":1}},"line":1099},"142":{"name":"(anonymous_142)","decl":{"start":{"line":1100,"column":37},"end":{"line":1100,"column":38}},"loc":{"start":{"line":1100,"column":48},"end":{"line":1108,"column":2}},"line":1100},"143":{"name":"(anonymous_143)","decl":{"start":{"line":1102,"column":23},"end":{"line":1102,"column":24}},"loc":{"start":{"line":1102,"column":43},"end":{"line":1104,"column":4}},"line":1102},"144":{"name":"updateImageBlock","decl":{"start":{"line":1120,"column":16},"end":{"line":1120,"column":32}},"loc":{"start":{"line":1120,"column":89},"end":{"line":1130,"column":1}},"line":1120},"145":{"name":"(anonymous_145)","decl":{"start":{"line":1121,"column":58},"end":{"line":1121,"column":59}},"loc":{"start":{"line":1121,"column":67},"end":{"line":1129,"column":2}},"line":1121},"146":{"name":"(anonymous_146)","decl":{"start":{"line":1123,"column":23},"end":{"line":1123,"column":24}},"loc":{"start":{"line":1123,"column":43},"end":{"line":1125,"column":4}},"line":1123},"147":{"name":"updateMonthlyLog","decl":{"start":{"line":1141,"column":16},"end":{"line":1141,"column":32}},"loc":{"start":{"line":1141,"column":89},"end":{"line":1151,"column":1}},"line":1141},"148":{"name":"(anonymous_148)","decl":{"start":{"line":1142,"column":58},"end":{"line":1142,"column":59}},"loc":{"start":{"line":1142,"column":67},"end":{"line":1150,"column":2}},"line":1142},"149":{"name":"(anonymous_149)","decl":{"start":{"line":1144,"column":23},"end":{"line":1144,"column":24}},"loc":{"start":{"line":1144,"column":43},"end":{"line":1146,"column":4}},"line":1144},"150":{"name":"updateSignifier","decl":{"start":{"line":1160,"column":16},"end":{"line":1160,"column":31}},"loc":{"start":{"line":1160,"column":68},"end":{"line":1170,"column":1}},"line":1160},"151":{"name":"(anonymous_151)","decl":{"start":{"line":1161,"column":37},"end":{"line":1161,"column":38}},"loc":{"start":{"line":1161,"column":48},"end":{"line":1169,"column":2}},"line":1161},"152":{"name":"(anonymous_152)","decl":{"start":{"line":1163,"column":23},"end":{"line":1163,"column":24}},"loc":{"start":{"line":1163,"column":43},"end":{"line":1165,"column":4}},"line":1163},"153":{"name":"updateTask","decl":{"start":{"line":1181,"column":16},"end":{"line":1181,"column":26}},"loc":{"start":{"line":1181,"column":83},"end":{"line":1191,"column":1}},"line":1181},"154":{"name":"(anonymous_154)","decl":{"start":{"line":1182,"column":52},"end":{"line":1182,"column":53}},"loc":{"start":{"line":1182,"column":61},"end":{"line":1190,"column":2}},"line":1182},"155":{"name":"(anonymous_155)","decl":{"start":{"line":1184,"column":23},"end":{"line":1184,"column":24}},"loc":{"start":{"line":1184,"column":43},"end":{"line":1186,"column":4}},"line":1184},"156":{"name":"updateTextBlock","decl":{"start":{"line":1203,"column":16},"end":{"line":1203,"column":31}},"loc":{"start":{"line":1203,"column":89},"end":{"line":1213,"column":1}},"line":1203},"157":{"name":"(anonymous_157)","decl":{"start":{"line":1204,"column":58},"end":{"line":1204,"column":59}},"loc":{"start":{"line":1204,"column":67},"end":{"line":1212,"column":2}},"line":1204},"158":{"name":"(anonymous_158)","decl":{"start":{"line":1206,"column":23},"end":{"line":1206,"column":24}},"loc":{"start":{"line":1206,"column":43},"end":{"line":1208,"column":4}},"line":1206},"159":{"name":"updateTheme","decl":{"start":{"line":1222,"column":16},"end":{"line":1222,"column":27}},"loc":{"start":{"line":1222,"column":60},"end":{"line":1232,"column":1}},"line":1222},"160":{"name":"(anonymous_160)","decl":{"start":{"line":1223,"column":29},"end":{"line":1223,"column":30}},"loc":{"start":{"line":1223,"column":38},"end":{"line":1231,"column":2}},"line":1223},"161":{"name":"(anonymous_161)","decl":{"start":{"line":1225,"column":23},"end":{"line":1225,"column":24}},"loc":{"start":{"line":1225,"column":43},"end":{"line":1227,"column":4}},"line":1225},"162":{"name":"updateTracker","decl":{"start":{"line":1243,"column":16},"end":{"line":1243,"column":29}},"loc":{"start":{"line":1243,"column":83},"end":{"line":1255,"column":1}},"line":1243},"163":{"name":"(anonymous_163)","decl":{"start":{"line":1244,"column":52},"end":{"line":1244,"column":53}},"loc":{"start":{"line":1244,"column":61},"end":{"line":1254,"column":2}},"line":1244},"164":{"name":"(anonymous_164)","decl":{"start":{"line":1246,"column":23},"end":{"line":1246,"column":24}},"loc":{"start":{"line":1246,"column":43},"end":{"line":1248,"column":4}},"line":1246}},"branchMap":{"0":{"loc":{"start":{"line":79,"column":1},"end":{"line":83,"column":2}},"type":"if","locations":[{"start":{"line":79,"column":1},"end":{"line":83,"column":2}},{"start":{"line":79,"column":1},"end":{"line":83,"column":2}}],"line":79},"1":{"loc":{"start":{"line":163,"column":2},"end":{"line":173,"column":3}},"type":"if","locations":[{"start":{"line":163,"column":2},"end":{"line":173,"column":3}},{"start":{"line":163,"column":2},"end":{"line":173,"column":3}}],"line":163},"2":{"loc":{"start":{"line":165,"column":4},"end":{"line":168,"column":5}},"type":"if","locations":[{"start":{"line":165,"column":4},"end":{"line":168,"column":5}},{"start":{"line":165,"column":4},"end":{"line":168,"column":5}}],"line":165},"3":{"loc":{"start":{"line":191,"column":2},"end":{"line":201,"column":3}},"type":"if","locations":[{"start":{"line":191,"column":2},"end":{"line":201,"column":3}},{"start":{"line":191,"column":2},"end":{"line":201,"column":3}}],"line":191},"4":{"loc":{"start":{"line":191,"column":6},"end":{"line":191,"column":26}},"type":"binary-expr","locations":[{"start":{"line":191,"column":6},"end":{"line":191,"column":18}},{"start":{"line":191,"column":22},"end":{"line":191,"column":26}}],"line":191},"5":{"loc":{"start":{"line":193,"column":4},"end":{"line":196,"column":5}},"type":"if","locations":[{"start":{"line":193,"column":4},"end":{"line":196,"column":5}},{"start":{"line":193,"column":4},"end":{"line":196,"column":5}}],"line":193},"6":{"loc":{"start":{"line":218,"column":2},"end":{"line":228,"column":3}},"type":"if","locations":[{"start":{"line":218,"column":2},"end":{"line":228,"column":3}},{"start":{"line":218,"column":2},"end":{"line":228,"column":3}}],"line":218},"7":{"loc":{"start":{"line":220,"column":4},"end":{"line":223,"column":5}},"type":"if","locations":[{"start":{"line":220,"column":4},"end":{"line":223,"column":5}},{"start":{"line":220,"column":4},"end":{"line":223,"column":5}}],"line":220},"8":{"loc":{"start":{"line":243,"column":2},"end":{"line":253,"column":3}},"type":"if","locations":[{"start":{"line":243,"column":2},"end":{"line":253,"column":3}},{"start":{"line":243,"column":2},"end":{"line":253,"column":3}}],"line":243},"9":{"loc":{"start":{"line":245,"column":4},"end":{"line":248,"column":5}},"type":"if","locations":[{"start":{"line":245,"column":4},"end":{"line":248,"column":5}},{"start":{"line":245,"column":4},"end":{"line":248,"column":5}}],"line":245},"10":{"loc":{"start":{"line":272,"column":2},"end":{"line":282,"column":3}},"type":"if","locations":[{"start":{"line":272,"column":2},"end":{"line":282,"column":3}},{"start":{"line":272,"column":2},"end":{"line":282,"column":3}}],"line":272},"11":{"loc":{"start":{"line":274,"column":4},"end":{"line":277,"column":5}},"type":"if","locations":[{"start":{"line":274,"column":4},"end":{"line":277,"column":5}},{"start":{"line":274,"column":4},"end":{"line":277,"column":5}}],"line":274},"12":{"loc":{"start":{"line":298,"column":2},"end":{"line":308,"column":3}},"type":"if","locations":[{"start":{"line":298,"column":2},"end":{"line":308,"column":3}},{"start":{"line":298,"column":2},"end":{"line":308,"column":3}}],"line":298},"13":{"loc":{"start":{"line":300,"column":4},"end":{"line":303,"column":5}},"type":"if","locations":[{"start":{"line":300,"column":4},"end":{"line":303,"column":5}},{"start":{"line":300,"column":4},"end":{"line":303,"column":5}}],"line":300},"14":{"loc":{"start":{"line":327,"column":2},"end":{"line":337,"column":3}},"type":"if","locations":[{"start":{"line":327,"column":2},"end":{"line":337,"column":3}},{"start":{"line":327,"column":2},"end":{"line":337,"column":3}}],"line":327},"15":{"loc":{"start":{"line":329,"column":4},"end":{"line":332,"column":5}},"type":"if","locations":[{"start":{"line":329,"column":4},"end":{"line":332,"column":5}},{"start":{"line":329,"column":4},"end":{"line":332,"column":5}}],"line":329},"16":{"loc":{"start":{"line":351,"column":2},"end":{"line":361,"column":3}},"type":"if","locations":[{"start":{"line":351,"column":2},"end":{"line":361,"column":3}},{"start":{"line":351,"column":2},"end":{"line":361,"column":3}}],"line":351},"17":{"loc":{"start":{"line":353,"column":4},"end":{"line":356,"column":5}},"type":"if","locations":[{"start":{"line":353,"column":4},"end":{"line":356,"column":5}},{"start":{"line":353,"column":4},"end":{"line":356,"column":5}}],"line":353},"18":{"loc":{"start":{"line":376,"column":2},"end":{"line":386,"column":3}},"type":"if","locations":[{"start":{"line":376,"column":2},"end":{"line":386,"column":3}},{"start":{"line":376,"column":2},"end":{"line":386,"column":3}}],"line":376},"19":{"loc":{"start":{"line":378,"column":4},"end":{"line":381,"column":5}},"type":"if","locations":[{"start":{"line":378,"column":4},"end":{"line":381,"column":5}},{"start":{"line":378,"column":4},"end":{"line":381,"column":5}}],"line":378},"20":{"loc":{"start":{"line":406,"column":2},"end":{"line":416,"column":3}},"type":"if","locations":[{"start":{"line":406,"column":2},"end":{"line":416,"column":3}},{"start":{"line":406,"column":2},"end":{"line":416,"column":3}}],"line":406},"21":{"loc":{"start":{"line":408,"column":4},"end":{"line":411,"column":5}},"type":"if","locations":[{"start":{"line":408,"column":4},"end":{"line":411,"column":5}},{"start":{"line":408,"column":4},"end":{"line":411,"column":5}}],"line":408},"22":{"loc":{"start":{"line":433,"column":2},"end":{"line":443,"column":3}},"type":"if","locations":[{"start":{"line":433,"column":2},"end":{"line":443,"column":3}},{"start":{"line":433,"column":2},"end":{"line":443,"column":3}}],"line":433},"23":{"loc":{"start":{"line":435,"column":4},"end":{"line":438,"column":5}},"type":"if","locations":[{"start":{"line":435,"column":4},"end":{"line":438,"column":5}},{"start":{"line":435,"column":4},"end":{"line":438,"column":5}}],"line":435},"24":{"loc":{"start":{"line":467,"column":2},"end":{"line":473,"column":3}},"type":"if","locations":[{"start":{"line":467,"column":2},"end":{"line":473,"column":3}},{"start":{"line":467,"column":2},"end":{"line":473,"column":3}}],"line":467},"25":{"loc":{"start":{"line":501,"column":2},"end":{"line":507,"column":3}},"type":"if","locations":[{"start":{"line":501,"column":2},"end":{"line":507,"column":3}},{"start":{"line":501,"column":2},"end":{"line":507,"column":3}}],"line":501},"26":{"loc":{"start":{"line":520,"column":2},"end":{"line":526,"column":3}},"type":"if","locations":[{"start":{"line":520,"column":2},"end":{"line":526,"column":3}},{"start":{"line":520,"column":2},"end":{"line":526,"column":3}}],"line":520},"27":{"loc":{"start":{"line":540,"column":2},"end":{"line":546,"column":3}},"type":"if","locations":[{"start":{"line":540,"column":2},"end":{"line":546,"column":3}},{"start":{"line":540,"column":2},"end":{"line":546,"column":3}}],"line":540},"28":{"loc":{"start":{"line":559,"column":2},"end":{"line":571,"column":3}},"type":"if","locations":[{"start":{"line":559,"column":2},"end":{"line":571,"column":3}},{"start":{"line":559,"column":2},"end":{"line":571,"column":3}}],"line":559},"29":{"loc":{"start":{"line":563,"column":4},"end":{"line":569,"column":5}},"type":"if","locations":[{"start":{"line":563,"column":4},"end":{"line":569,"column":5}},{"start":{"line":563,"column":4},"end":{"line":569,"column":5}}],"line":563},"30":{"loc":{"start":{"line":585,"column":2},"end":{"line":591,"column":3}},"type":"if","locations":[{"start":{"line":585,"column":2},"end":{"line":591,"column":3}},{"start":{"line":585,"column":2},"end":{"line":591,"column":3}}],"line":585},"31":{"loc":{"start":{"line":601,"column":1},"end":{"line":634,"column":2}},"type":"if","locations":[{"start":{"line":601,"column":1},"end":{"line":634,"column":2}},{"start":{"line":601,"column":1},"end":{"line":634,"column":2}}],"line":601},"32":{"loc":{"start":{"line":611,"column":4},"end":{"line":613,"column":5}},"type":"if","locations":[{"start":{"line":611,"column":4},"end":{"line":613,"column":5}},{"start":{"line":611,"column":4},"end":{"line":613,"column":5}}],"line":611},"33":{"loc":{"start":{"line":611,"column":8},"end":{"line":611,"column":27}},"type":"binary-expr","locations":[{"start":{"line":611,"column":8},"end":{"line":611,"column":11}},{"start":{"line":611,"column":15},"end":{"line":611,"column":27}}],"line":611},"34":{"loc":{"start":{"line":620,"column":3},"end":{"line":624,"column":4}},"type":"if","locations":[{"start":{"line":620,"column":3},"end":{"line":624,"column":4}},{"start":{"line":620,"column":3},"end":{"line":624,"column":4}}],"line":620},"35":{"loc":{"start":{"line":628,"column":3},"end":{"line":632,"column":4}},"type":"if","locations":[{"start":{"line":628,"column":3},"end":{"line":632,"column":4}},{"start":{"line":628,"column":3},"end":{"line":632,"column":4}}],"line":628},"36":{"loc":{"start":{"line":646,"column":2},"end":{"line":652,"column":3}},"type":"if","locations":[{"start":{"line":646,"column":2},"end":{"line":652,"column":3}},{"start":{"line":646,"column":2},"end":{"line":652,"column":3}}],"line":646},"37":{"loc":{"start":{"line":665,"column":2},"end":{"line":671,"column":3}},"type":"if","locations":[{"start":{"line":665,"column":2},"end":{"line":671,"column":3}},{"start":{"line":665,"column":2},"end":{"line":671,"column":3}}],"line":665},"38":{"loc":{"start":{"line":685,"column":2},"end":{"line":691,"column":3}},"type":"if","locations":[{"start":{"line":685,"column":2},"end":{"line":691,"column":3}},{"start":{"line":685,"column":2},"end":{"line":691,"column":3}}],"line":685},"39":{"loc":{"start":{"line":704,"column":2},"end":{"line":710,"column":3}},"type":"if","locations":[{"start":{"line":704,"column":2},"end":{"line":710,"column":3}},{"start":{"line":704,"column":2},"end":{"line":710,"column":3}}],"line":704},"40":{"loc":{"start":{"line":723,"column":2},"end":{"line":729,"column":3}},"type":"if","locations":[{"start":{"line":723,"column":2},"end":{"line":729,"column":3}},{"start":{"line":723,"column":2},"end":{"line":729,"column":3}}],"line":723},"41":{"loc":{"start":{"line":742,"column":2},"end":{"line":748,"column":3}},"type":"if","locations":[{"start":{"line":742,"column":2},"end":{"line":748,"column":3}},{"start":{"line":742,"column":2},"end":{"line":748,"column":3}}],"line":742},"42":{"loc":{"start":{"line":762,"column":2},"end":{"line":768,"column":3}},"type":"if","locations":[{"start":{"line":762,"column":2},"end":{"line":768,"column":3}},{"start":{"line":762,"column":2},"end":{"line":768,"column":3}}],"line":762},"43":{"loc":{"start":{"line":781,"column":2},"end":{"line":787,"column":3}},"type":"if","locations":[{"start":{"line":781,"column":2},"end":{"line":787,"column":3}},{"start":{"line":781,"column":2},"end":{"line":787,"column":3}}],"line":781},"44":{"loc":{"start":{"line":800,"column":2},"end":{"line":806,"column":3}},"type":"if","locations":[{"start":{"line":800,"column":2},"end":{"line":806,"column":3}},{"start":{"line":800,"column":2},"end":{"line":806,"column":3}}],"line":800},"45":{"loc":{"start":{"line":819,"column":2},"end":{"line":825,"column":3}},"type":"if","locations":[{"start":{"line":819,"column":2},"end":{"line":825,"column":3}},{"start":{"line":819,"column":2},"end":{"line":825,"column":3}}],"line":819},"46":{"loc":{"start":{"line":838,"column":2},"end":{"line":844,"column":3}},"type":"if","locations":[{"start":{"line":838,"column":2},"end":{"line":844,"column":3}},{"start":{"line":838,"column":2},"end":{"line":844,"column":3}}],"line":838},"47":{"loc":{"start":{"line":857,"column":2},"end":{"line":863,"column":3}},"type":"if","locations":[{"start":{"line":857,"column":2},"end":{"line":863,"column":3}},{"start":{"line":857,"column":2},"end":{"line":863,"column":3}}],"line":857},"48":{"loc":{"start":{"line":877,"column":2},"end":{"line":883,"column":3}},"type":"if","locations":[{"start":{"line":877,"column":2},"end":{"line":883,"column":3}},{"start":{"line":877,"column":2},"end":{"line":883,"column":3}}],"line":877},"49":{"loc":{"start":{"line":897,"column":2},"end":{"line":910,"column":3}},"type":"if","locations":[{"start":{"line":897,"column":2},"end":{"line":910,"column":3}},{"start":{"line":897,"column":2},"end":{"line":910,"column":3}}],"line":897},"50":{"loc":{"start":{"line":902,"column":4},"end":{"line":908,"column":5}},"type":"if","locations":[{"start":{"line":902,"column":4},"end":{"line":908,"column":5}},{"start":{"line":902,"column":4},"end":{"line":908,"column":5}}],"line":902},"51":{"loc":{"start":{"line":924,"column":2},"end":{"line":930,"column":3}},"type":"if","locations":[{"start":{"line":924,"column":2},"end":{"line":930,"column":3}},{"start":{"line":924,"column":2},"end":{"line":930,"column":3}}],"line":924},"52":{"loc":{"start":{"line":943,"column":2},"end":{"line":949,"column":3}},"type":"if","locations":[{"start":{"line":943,"column":2},"end":{"line":949,"column":3}},{"start":{"line":943,"column":2},"end":{"line":949,"column":3}}],"line":943},"53":{"loc":{"start":{"line":962,"column":2},"end":{"line":968,"column":3}},"type":"if","locations":[{"start":{"line":962,"column":2},"end":{"line":968,"column":3}},{"start":{"line":962,"column":2},"end":{"line":968,"column":3}}],"line":962},"54":{"loc":{"start":{"line":982,"column":2},"end":{"line":988,"column":3}},"type":"if","locations":[{"start":{"line":982,"column":2},"end":{"line":988,"column":3}},{"start":{"line":982,"column":2},"end":{"line":988,"column":3}}],"line":982},"55":{"loc":{"start":{"line":1018,"column":2},"end":{"line":1024,"column":3}},"type":"if","locations":[{"start":{"line":1018,"column":2},"end":{"line":1024,"column":3}},{"start":{"line":1018,"column":2},"end":{"line":1024,"column":3}}],"line":1018},"56":{"loc":{"start":{"line":1039,"column":2},"end":{"line":1045,"column":3}},"type":"if","locations":[{"start":{"line":1039,"column":2},"end":{"line":1045,"column":3}},{"start":{"line":1039,"column":2},"end":{"line":1045,"column":3}}],"line":1039},"57":{"loc":{"start":{"line":1039,"column":6},"end":{"line":1039,"column":28}},"type":"binary-expr","locations":[{"start":{"line":1039,"column":6},"end":{"line":1039,"column":18}},{"start":{"line":1039,"column":22},"end":{"line":1039,"column":28}}],"line":1039},"58":{"loc":{"start":{"line":1061,"column":2},"end":{"line":1067,"column":3}},"type":"if","locations":[{"start":{"line":1061,"column":2},"end":{"line":1067,"column":3}},{"start":{"line":1061,"column":2},"end":{"line":1067,"column":3}}],"line":1061},"59":{"loc":{"start":{"line":1061,"column":6},"end":{"line":1061,"column":26}},"type":"binary-expr","locations":[{"start":{"line":1061,"column":6},"end":{"line":1061,"column":18}},{"start":{"line":1061,"column":22},"end":{"line":1061,"column":26}}],"line":1061},"60":{"loc":{"start":{"line":1082,"column":2},"end":{"line":1088,"column":3}},"type":"if","locations":[{"start":{"line":1082,"column":2},"end":{"line":1088,"column":3}},{"start":{"line":1082,"column":2},"end":{"line":1088,"column":3}}],"line":1082},"61":{"loc":{"start":{"line":1101,"column":2},"end":{"line":1107,"column":3}},"type":"if","locations":[{"start":{"line":1101,"column":2},"end":{"line":1107,"column":3}},{"start":{"line":1101,"column":2},"end":{"line":1107,"column":3}}],"line":1101},"62":{"loc":{"start":{"line":1122,"column":2},"end":{"line":1128,"column":3}},"type":"if","locations":[{"start":{"line":1122,"column":2},"end":{"line":1128,"column":3}},{"start":{"line":1122,"column":2},"end":{"line":1128,"column":3}}],"line":1122},"63":{"loc":{"start":{"line":1143,"column":2},"end":{"line":1149,"column":3}},"type":"if","locations":[{"start":{"line":1143,"column":2},"end":{"line":1149,"column":3}},{"start":{"line":1143,"column":2},"end":{"line":1149,"column":3}}],"line":1143},"64":{"loc":{"start":{"line":1162,"column":2},"end":{"line":1168,"column":3}},"type":"if","locations":[{"start":{"line":1162,"column":2},"end":{"line":1168,"column":3}},{"start":{"line":1162,"column":2},"end":{"line":1168,"column":3}}],"line":1162},"65":{"loc":{"start":{"line":1183,"column":2},"end":{"line":1189,"column":3}},"type":"if","locations":[{"start":{"line":1183,"column":2},"end":{"line":1189,"column":3}},{"start":{"line":1183,"column":2},"end":{"line":1189,"column":3}}],"line":1183},"66":{"loc":{"start":{"line":1205,"column":2},"end":{"line":1211,"column":3}},"type":"if","locations":[{"start":{"line":1205,"column":2},"end":{"line":1211,"column":3}},{"start":{"line":1205,"column":2},"end":{"line":1211,"column":3}}],"line":1205},"67":{"loc":{"start":{"line":1224,"column":2},"end":{"line":1230,"column":3}},"type":"if","locations":[{"start":{"line":1224,"column":2},"end":{"line":1230,"column":3}},{"start":{"line":1224,"column":2},"end":{"line":1230,"column":3}}],"line":1224},"68":{"loc":{"start":{"line":1245,"column":2},"end":{"line":1253,"column":3}},"type":"if","locations":[{"start":{"line":1245,"column":2},"end":{"line":1253,"column":3}},{"start":{"line":1245,"column":2},"end":{"line":1253,"column":3}}],"line":1245}},"s":{"0":1,"1":1,"2":1,"3":1,"4":1,"5":1,"6":1,"7":0,"8":0,"9":0,"10":0,"11":0,"12":0,"13":0,"14":21,"15":0,"16":0,"17":0,"18":0,"19":0,"20":0,"21":0,"22":0,"23":3,"24":3,"25":1,"26":1,"27":0,"28":0,"29":1,"30":2,"31":1,"32":1,"33":1,"34":1,"35":0,"36":0,"37":1,"38":0,"39":1,"40":1,"41":0,"42":0,"43":0,"44":0,"45":0,"46":1,"47":1,"48":1,"49":1,"50":1,"51":0,"52":0,"53":1,"54":0,"55":0,"56":0,"57":0,"58":0,"59":0,"60":0,"61":0,"62":0,"63":4,"64":4,"65":0,"66":0,"67":0,"68":0,"69":0,"70":4,"71":2,"72":2,"73":1,"74":1,"75":0,"76":0,"77":1,"78":1,"79":1,"80":1,"81":0,"82":0,"83":0,"84":0,"85":0,"86":1,"87":5,"88":5,"89":5,"90":5,"91":0,"92":0,"93":5,"94":0,"95":2,"96":2,"97":2,"98":2,"99":0,"100":0,"101":2,"102":0,"103":1,"104":1,"105":1,"106":0,"107":1,"108":1,"109":117,"110":117,"111":0,"112":0,"113":0,"114":0,"115":0,"116":0,"117":0,"118":0,"119":0,"120":0,"121":3,"122":3,"123":3,"124":3,"125":0,"126":0,"127":0,"128":0,"129":0,"130":0,"131":0,"132":0,"133":0,"134":0,"135":1,"136":1,"137":0,"138":0,"139":1,"140":1,"141":1,"142":1,"143":1,"144":1,"145":0,"146":1,"147":0,"148":0,"149":0,"150":0,"151":0,"152":0,"153":0,"154":0,"155":1,"156":1,"157":0,"158":0,"159":1,"160":0,"161":0,"162":0,"163":0,"164":0,"165":0,"166":0,"167":0,"168":0,"169":0,"170":1,"171":1,"172":1,"173":1,"174":0,"175":0,"176":0,"177":0,"178":0,"179":0,"180":0,"181":0,"182":0,"183":0,"184":0,"185":4,"186":4,"187":0,"188":0,"189":4,"190":1,"191":1,"192":1,"193":1,"194":0,"195":1,"196":1,"197":1,"198":1,"199":0,"200":0,"201":0,"202":0,"203":0,"204":0,"205":1,"206":1,"207":0,"208":0,"209":1,"210":0,"211":0,"212":0,"213":0,"214":0,"215":5,"216":5,"217":0,"218":0,"219":5,"220":0,"221":0,"222":0,"223":0,"224":0,"225":0,"226":0,"227":0,"228":0,"229":0,"230":0,"231":0,"232":0,"233":0,"234":0,"235":1,"236":1,"237":1,"238":1,"239":0,"240":1,"241":1,"242":1,"243":1,"244":0,"245":0,"246":0,"247":0,"248":0,"249":0,"250":0,"251":0,"252":0,"253":0,"254":0,"255":0,"256":0,"257":0,"258":2,"259":2,"260":1,"261":1,"262":1,"263":2,"264":2,"265":1,"266":1,"267":1,"268":2,"269":2,"270":0,"271":0,"272":2,"273":0,"274":0,"275":0,"276":0,"277":0,"278":0,"279":0,"280":0,"281":0,"282":0,"283":0,"284":0,"285":0,"286":0,"287":0,"288":0,"289":0,"290":0,"291":0,"292":0,"293":2,"294":2,"295":0,"296":0,"297":2,"298":0,"299":0,"300":0,"301":0,"302":0,"303":0,"304":0,"305":0,"306":0,"307":0,"308":0,"309":0,"310":0,"311":0},"f":{"0":1,"1":0,"2":0,"3":0,"4":0,"5":0,"6":0,"7":21,"8":0,"9":0,"10":0,"11":3,"12":3,"13":1,"14":1,"15":1,"16":1,"17":1,"18":1,"19":0,"20":1,"21":1,"22":1,"23":0,"24":0,"25":0,"26":4,"27":4,"28":0,"29":2,"30":2,"31":1,"32":1,"33":1,"34":0,"35":5,"36":5,"37":5,"38":2,"39":2,"40":2,"41":1,"42":1,"43":1,"44":1,"45":117,"46":117,"47":0,"48":0,"49":0,"50":0,"51":0,"52":0,"53":3,"54":3,"55":3,"56":0,"57":0,"58":0,"59":0,"60":0,"61":1,"62":1,"63":0,"64":1,"65":1,"66":1,"67":1,"68":0,"69":0,"70":1,"71":1,"72":0,"73":0,"74":0,"75":0,"76":0,"77":0,"78":0,"79":1,"80":1,"81":1,"82":0,"83":0,"84":0,"85":0,"86":0,"87":0,"88":4,"89":4,"90":0,"91":1,"92":1,"93":1,"94":1,"95":1,"96":1,"97":0,"98":0,"99":0,"100":1,"101":1,"102":0,"103":0,"104":0,"105":0,"106":5,"107":5,"108":0,"109":0,"110":0,"111":0,"112":0,"113":0,"114":0,"115":0,"116":0,"117":1,"118":1,"119":1,"120":1,"121":1,"122":1,"123":0,"124":0,"125":0,"126":0,"127":0,"128":0,"129":0,"130":0,"131":0,"132":2,"133":2,"134":1,"135":2,"136":2,"137":1,"138":2,"139":2,"140":0,"141":0,"142":0,"143":0,"144":0,"145":0,"146":0,"147":0,"148":0,"149":0,"150":0,"151":0,"152":0,"153":2,"154":2,"155":0,"156":0,"157":0,"158":0,"159":0,"160":0,"161":0,"162":0,"163":0,"164":0},"b":{"0":[1,0],"1":[0,0],"2":[0,0],"3":[1,2],"4":[3,1],"5":[0,1],"6":[1,0],"7":[0,1],"8":[0,1],"9":[0,0],"10":[1,0],"11":[0,1],"12":[0,0],"13":[0,0],"14":[0,4],"15":[0,0],"16":[1,1],"17":[0,1],"18":[0,1],"19":[0,0],"20":[5,0],"21":[0,5],"22":[2,0],"23":[0,2],"24":[0,1],"25":[0,0],"26":[0,0],"27":[3,0],"28":[0,0],"29":[0,0],"30":[0,1],"31":[1,0],"32":[0,1],"33":[1,1],"34":[0,0],"35":[0,0],"36":[0,1],"37":[0,0],"38":[0,0],"39":[1,0],"40":[0,0],"41":[0,0],"42":[0,4],"43":[1,0],"44":[1,0],"45":[0,0],"46":[0,1],"47":[0,0],"48":[0,5],"49":[0,0],"50":[0,0],"51":[0,0],"52":[1,0],"53":[1,0],"54":[0,0],"55":[0,0],"56":[1,1],"57":[2,1],"58":[1,1],"59":[2,1],"60":[0,2],"61":[0,0],"62":[0,0],"63":[0,0],"64":[0,0],"65":[0,2],"66":[0,0],"67":[0,0],"68":[0,0]},"_coverageSchema":"1a1c01bbd47fc00a2c39e90264f33305004495a9","hash":"387386d233eb1fc8c9e68121db06f5b31201811d"}
,"/Users/waynarbocangel/Documents/University_of_California_San_Diego/Spring_2022/cse_112/dev-waynar/cse112-sp22-group1/src/front-end/localStorage/createFiles/createAudioBlock.js": {"path":"/Users/waynarbocangel/Documents/University_of_California_San_Diego/Spring_2022/cse_112/dev-waynar/cse112-sp22-group1/src/front-end/localStorage/createFiles/createAudioBlock.js","statementMap":{"0":{"start":{"line":15,"column":24},"end":{"line":15,"column":26}}},"fnMap":{"0":{"name":"createAudioBlockPouch","decl":{"start":{"line":14,"column":16},"end":{"line":14,"column":37}},"loc":{"start":{"line":14,"column":87},"end":{"line":71,"column":1}},"line":14}},"branchMap":{},"s":{"0":0},"f":{"0":0},"b":{},"_coverageSchema":"1a1c01bbd47fc00a2c39e90264f33305004495a9","hash":"35e9d424a29c53597f40df9b79c52ef414d84eb5"}
,"/Users/waynarbocangel/Documents/University_of_California_San_Diego/Spring_2022/cse_112/dev-waynar/cse112-sp22-group1/src/front-end/localStorage/createFiles/createCollection.js": {"path":"/Users/waynarbocangel/Documents/University_of_California_San_Diego/Spring_2022/cse_112/dev-waynar/cse112-sp22-group1/src/front-end/localStorage/createFiles/createCollection.js","statementMap":{"0":{"start":{"line":4,"column":23},"end":{"line":4,"column":25}},"1":{"start":{"line":19,"column":1},"end":{"line":77,"column":4}}},"fnMap":{"0":{"name":"createCollectionPouch","decl":{"start":{"line":18,"column":16},"end":{"line":18,"column":37}},"loc":{"start":{"line":18,"column":113},"end":{"line":78,"column":1}},"line":18},"1":{"name":"(anonymous_1)","decl":{"start":{"line":19,"column":23},"end":{"line":19,"column":24}},"loc":{"start":{"line":19,"column":38},"end":{"line":77,"column":2}},"line":19}},"branchMap":{},"s":{"0":1,"1":3},"f":{"0":3,"1":3},"b":{},"_coverageSchema":"1a1c01bbd47fc00a2c39e90264f33305004495a9","hash":"2f2ac66bec3fe5eae9f05e21bf1ebd254d4a67c8"}
,"/Users/waynarbocangel/Documents/University_of_California_San_Diego/Spring_2022/cse_112/dev-waynar/cse112-sp22-group1/src/front-end/localStorage/createFiles/createDailyLog.js": {"path":"/Users/waynarbocangel/Documents/University_of_California_San_Diego/Spring_2022/cse_112/dev-waynar/cse112-sp22-group1/src/front-end/localStorage/createFiles/createDailyLog.js","statementMap":{"0":{"start":{"line":4,"column":18},"end":{"line":4,"column":20}},"1":{"start":{"line":18,"column":1},"end":{"line":69,"column":4}}},"fnMap":{"0":{"name":"createDailyLogPouch","decl":{"start":{"line":17,"column":16},"end":{"line":17,"column":35}},"loc":{"start":{"line":17,"column":97},"end":{"line":70,"column":1}},"line":17},"1":{"name":"(anonymous_1)","decl":{"start":{"line":18,"column":23},"end":{"line":18,"column":24}},"loc":{"start":{"line":18,"column":38},"end":{"line":69,"column":2}},"line":18}},"branchMap":{},"s":{"0":1,"1":1},"f":{"0":1,"1":1},"b":{},"_coverageSchema":"1a1c01bbd47fc00a2c39e90264f33305004495a9","hash":"96bba61a4b26052f7ba9329b214492295085e5d6"}
,"/Users/waynarbocangel/Documents/University_of_California_San_Diego/Spring_2022/cse_112/dev-waynar/cse112-sp22-group1/src/front-end/localStorage/createFiles/createEvent.js": {"path":"/Users/waynarbocangel/Documents/University_of_California_San_Diego/Spring_2022/cse_112/dev-waynar/cse112-sp22-group1/src/front-end/localStorage/createFiles/createEvent.js","statementMap":{"0":{"start":{"line":4,"column":18},"end":{"line":4,"column":20}},"1":{"start":{"line":16,"column":1},"end":{"line":65,"column":4}}},"fnMap":{"0":{"name":"createEventPouch","decl":{"start":{"line":15,"column":16},"end":{"line":15,"column":32}},"loc":{"start":{"line":15,"column":73},"end":{"line":66,"column":1}},"line":15},"1":{"name":"(anonymous_1)","decl":{"start":{"line":16,"column":23},"end":{"line":16,"column":24}},"loc":{"start":{"line":16,"column":38},"end":{"line":65,"column":2}},"line":16}},"branchMap":{},"s":{"0":1,"1":1},"f":{"0":1,"1":1},"b":{},"_coverageSchema":"1a1c01bbd47fc00a2c39e90264f33305004495a9","hash":"6b4f34b0cd417e1ff29b0ecd84d7b0c2d205941b"}
[...]
,"/Users/waynarbocangel/Documents/University_of_California_San_Diego/Spring_2022/cse_112/dev-waynar/cse112-sp22-group1/src/front-end/localStorage/updateFiles/updateSignifier.js": {"path":"/Users/waynarbocangel/Documents/University_of_California_San_Diego/Spring_2022/cse_112/dev-waynar/cse112-sp22-group1/src/front-end/localStorage/updateFiles/updateSignifier.js","statementMap":{},"fnMap":{"0":{"name":"updateSignifierPouch","decl":{"start":{"line":10,"column":17},"end":{"line":10,"column":37}},"loc":{"start":{"line":10,"column":64},"end":{"line":49,"column":1}},"line":10}},"branchMap":{},"s":{},"f":{"0":0},"b":{},"_coverageSchema":"1a1c01bbd47fc00a2c39e90264f33305004495a9","hash":"d32591062c9b11c410fc0bd7060a9137f58f3b39"}
,"/Users/waynarbocangel/Documents/University_of_California_San_Diego/Spring_2022/cse_112/dev-waynar/cse112-sp22-group1/src/front-end/localStorage/updateFiles/updateTask.js": {"path":"/Users/waynarbocangel/Documents/University_of_California_San_Diego/Spring_2022/cse_112/dev-waynar/cse112-sp22-group1/src/front-end/localStorage/updateFiles/updateTask.js","statementMap":{},"fnMap":{"0":{"name":"updateTaskPouch","decl":{"start":{"line":12,"column":17},"end":{"line":12,"column":32}},"loc":{"start":{"line":12,"column":79},"end":{"line":70,"column":1}},"line":12}},"branchMap":{},"s":{},"f":{"0":2},"b":{},"_coverageSchema":"1a1c01bbd47fc00a2c39e90264f33305004495a9","hash":"1491655067b37d5cb4de43f495cc2a0ba204fe7c"}
,"/Users/waynarbocangel/Documents/University_of_California_San_Diego/Spring_2022/cse_112/dev-waynar/cse112-sp22-group1/src/front-end/localStorage/updateFiles/updateTextBlock.js": {"path":"/Users/waynarbocangel/Documents/University_of_California_San_Diego/Spring_2022/cse_112/dev-waynar/cse112-sp22-group1/src/front-end/localStorage/updateFiles/updateTextBlock.js","statementMap":{"0":{"start":{"line":11,"column":1},"end":{"line":31,"column":4}},"1":{"start":{"line":12,"column":2},"end":{"line":30,"column":5}},"2":{"start":{"line":13,"column":3},"end":{"line":13,"column":23}},"3":{"start":{"line":14,"column":9},"end":{"line":30,"column":5}},"4":{"start":{"line":15,"column":4},"end":{"line":15,"column":30}},"5":{"start":{"line":16,"column":10},"end":{"line":30,"column":5}},"6":{"start":{"line":17,"column":25},"end":{"line":17,"column":101}},"7":{"start":{"line":17,"column":55},"end":{"line":17,"column":97}},"8":{"start":{"line":18,"column":5},"end":{"line":18,"column":107}},"9":{"start":{"line":18,"column":79},"end":{"line":18,"column":105}},"10":{"start":{"line":19,"column":5},"end":{"line":21,"column":8}},"11":{"start":{"line":20,"column":6},"end":{"line":20,"column":33}},"12":{"start":{"line":22,"column":11},"end":{"line":30,"column":5}},"13":{"start":{"line":23,"column":24},"end":{"line":23,"column":97}},"14":{"start":{"line":23,"column":52},"end":{"line":23,"column":93}},"15":{"start":{"line":24,"column":5},"end":{"line":24,"column":105}},"16":{"start":{"line":24,"column":77},"end":{"line":24,"column":103}},"17":{"start":{"line":25,"column":5},"end":{"line":27,"column":8}},"18":{"start":{"line":26,"column":6},"end":{"line":26,"column":33}},"19":{"start":{"line":29,"column":5},"end":{"line":29,"column":31}},"20":{"start":{"line":44,"column":1},"end":{"line":91,"column":4}},"21":{"start":{"line":45,"column":2},"end":{"line":90,"column":5}},"22":{"start":{"line":46,"column":3},"end":{"line":46,"column":23}},"23":{"start":{"line":47,"column":9},"end":{"line":90,"column":5}},"24":{"start":{"line":48,"column":4},"end":{"line":56,"column":5}},"25":{"start":{"line":49,"column":17},"end":{"line":49,"column":97}},"26":{"start":{"line":49,"column":51},"end":{"line":49,"column":93}},"27":{"start":{"line":50,"column":5},"end":{"line":50,"column":91}},"28":{"start":{"line":50,"column":63},"end":{"line":50,"column":89}},"29":{"start":{"line":51,"column":5},"end":{"line":53,"column":8}},"30":{"start":{"line":52,"column":6},"end":{"line":52,"column":33}},"31":{"start":{"line":55,"column":5},"end":{"line":55,"column":31}},"32":{"start":{"line":57,"column":10},"end":{"line":90,"column":5}},"33":{"start":{"line":72,"column":11},"end":{"line":90,"column":5}},"34":{"start":{"line":105,"column":1},"end":{"line":172,"column":4}},"35":{"start":{"line":106,"column":2},"end":{"line":171,"column":3}},"36":{"start":{"line":107,"column":3},"end":{"line":107,"column":17}},"37":{"start":{"line":110,"column":18},"end":{"line":110,"column":81}},"38":{"start":{"line":110,"column":52},"end":{"line":110,"column":77}},"39":{"start":{"line":111,"column":3},"end":{"line":170,"column":6}},"40":{"start":{"line":112,"column":4},"end":{"line":169,"column":5}},"41":{"start":{"line":113,"column":5},"end":{"line":113,"column":36}},"42":{"start":{"line":116,"column":5},"end":{"line":168,"column":8}},"43":{"start":{"line":117,"column":6},"end":{"line":167,"column":7}},"44":{"start":{"line":118,"column":7},"end":{"line":118,"column":33}},"45":{"start":{"line":121,"column":7},"end":{"line":166,"column":10}},"46":{"start":{"line":122,"column":8},"end":{"line":165,"column":9}},"47":{"start":{"line":123,"column":9},"end":{"line":123,"column":32}},"48":{"start":{"line":126,"column":9},"end":{"line":136,"column":10}},"49":{"start":{"line":127,"column":10},"end":{"line":127,"column":84}},"50":{"start":{"line":127,"column":60},"end":{"line":127,"column":82}},"51":{"start":{"line":128,"column":10},"end":{"line":128,"column":130}},"52":{"start":{"line":128,"column":105},"end":{"line":128,"column":128}},"53":{"start":{"line":129,"column":10},"end":{"line":129,"column":60}},"54":{"start":{"line":130,"column":10},"end":{"line":130,"column":47}},"55":{"start":{"line":131,"column":10},"end":{"line":131,"column":139}},"56":{"start":{"line":131,"column":111},"end":{"line":131,"column":137}},"57":{"start":{"line":132,"column":10},"end":{"line":132,"column":66}},"58":{"start":{"line":133,"column":16},"end":{"line":136,"column":10}},"59":{"start":{"line":133,"column":61},"end":{"line":133,"column":86}},"60":{"start":{"line":134,"column":10},"end":{"line":134,"column":93}},"61":{"start":{"line":135,"column":10},"end":{"line":135,"column":17}},"62":{"start":{"line":137,"column":9},"end":{"line":137,"column":105}},"63":{"start":{"line":137,"column":75},"end":{"line":137,"column":103}},"64":{"start":{"line":138,"column":9},"end":{"line":138,"column":51}},"65":{"start":{"line":139,"column":23},"end":{"line":156,"column":10}},"66":{"start":{"line":158,"column":9},"end":{"line":164,"column":46}},"67":{"start":{"line":164,"column":29},"end":{"line":164,"column":44}}},"fnMap":{"0":{"name":"handleOriginalSubComponent","decl":{"start":{"line":10,"column":10},"end":{"line":10,"column":36}},"loc":{"start":{"line":10,"column":74},"end":{"line":32,"column":2}},"line":10},"1":{"name":"(anonymous_1)","decl":{"start":{"line":11,"column":23},"end":{"line":11,"column":24}},"loc":{"start":{"line":11,"column":38},"end":{"line":31,"column":2}},"line":11},"2":{"name":"(anonymous_2)","decl":{"start":{"line":17,"column":44},"end":{"line":17,"column":45}},"loc":{"start":{"line":17,"column":55},"end":{"line":17,"column":97}},"line":17},"3":{"name":"(anonymous_3)","decl":{"start":{"line":18,"column":64},"end":{"line":18,"column":65}},"loc":{"start":{"line":18,"column":79},"end":{"line":18,"column":105}},"line":18},"4":{"name":"(anonymous_4)","decl":{"start":{"line":19,"column":64},"end":{"line":19,"column":65}},"loc":{"start":{"line":19,"column":75},"end":{"line":21,"column":6}},"line":19},"5":{"name":"(anonymous_5)","decl":{"start":{"line":23,"column":42},"end":{"line":23,"column":43}},"loc":{"start":{"line":23,"column":52},"end":{"line":23,"column":93}},"line":23},"6":{"name":"(anonymous_6)","decl":{"start":{"line":24,"column":62},"end":{"line":24,"column":63}},"loc":{"start":{"line":24,"column":77},"end":{"line":24,"column":103}},"line":24},"7":{"name":"(anonymous_7)","decl":{"start":{"line":25,"column":62},"end":{"line":25,"column":63}},"loc":{"start":{"line":25,"column":73},"end":{"line":27,"column":6}},"line":25},"8":{"name":"handleNewSubComponent","decl":{"start":{"line":43,"column":11},"end":{"line":43,"column":32}},"loc":{"start":{"line":43,"column":76},"end":{"line":92,"column":2}},"line":43},"9":{"name":"(anonymous_9)","decl":{"start":{"line":44,"column":23},"end":{"line":44,"column":24}},"loc":{"start":{"line":44,"column":38},"end":{"line":91,"column":2}},"line":44},"10":{"name":"(anonymous_10)","decl":{"start":{"line":49,"column":36},"end":{"line":49,"column":37}},"loc":{"start":{"line":49,"column":51},"end":{"line":49,"column":93}},"line":49},"11":{"name":"(anonymous_11)","decl":{"start":{"line":50,"column":48},"end":{"line":50,"column":49}},"loc":{"start":{"line":50,"column":63},"end":{"line":50,"column":89}},"line":50},"12":{"name":"(anonymous_12)","decl":{"start":{"line":51,"column":56},"end":{"line":51,"column":57}},"loc":{"start":{"line":51,"column":67},"end":{"line":53,"column":6}},"line":51},"13":{"name":"updateTextBlockPouch","decl":{"start":{"line":104,"column":16},"end":{"line":104,"column":36}},"loc":{"start":{"line":104,"column":88},"end":{"line":173,"column":1}},"line":104},"14":{"name":"(anonymous_14)","decl":{"start":{"line":105,"column":23},"end":{"line":105,"column":24}},"loc":{"start":{"line":105,"column":38},"end":{"line":172,"column":2}},"line":105},"15":{"name":"(anonymous_15)","decl":{"start":{"line":110,"column":41},"end":{"line":110,"column":42}},"loc":{"start":{"line":110,"column":52},"end":{"line":110,"column":77}},"line":110},"16":{"name":"(anonymous_16)","decl":{"start":{"line":111,"column":51},"end":{"line":111,"column":52}},"loc":{"start":{"line":111,"column":93},"end":{"line":170,"column":4}},"line":111},"17":{"name":"(anonymous_17)","decl":{"start":{"line":116,"column":59},"end":{"line":116,"column":60}},"loc":{"start":{"line":116,"column":94},"end":{"line":168,"column":6}},"line":116},"18":{"name":"(anonymous_18)","decl":{"start":{"line":121,"column":29},"end":{"line":121,"column":30}},"loc":{"start":{"line":121,"column":60},"end":{"line":166,"column":8}},"line":121},"19":{"name":"(anonymous_19)","decl":{"start":{"line":127,"column":49},"end":{"line":127,"column":50}},"loc":{"start":{"line":127,"column":60},"end":{"line":127,"column":82}},"line":127},"20":{"name":"(anonymous_20)","decl":{"start":{"line":128,"column":93},"end":{"line":128,"column":94}},"loc":{"start":{"line":128,"column":105},"end":{"line":128,"column":128}},"line":128},"21":{"name":"(anonymous_21)","decl":{"start":{"line":131,"column":99},"end":{"line":131,"column":100}},"loc":{"start":{"line":131,"column":111},"end":{"line":131,"column":137}},"line":131},"22":{"name":"(anonymous_22)","decl":{"start":{"line":133,"column":50},"end":{"line":133,"column":51}},"loc":{"start":{"line":133,"column":61},"end":{"line":133,"column":86}},"line":133},"23":{"name":"(anonymous_23)","decl":{"start":{"line":137,"column":64},"end":{"line":137,"column":65}},"loc":{"start":{"line":137,"column":75},"end":{"line":137,"column":103}},"line":137},"24":{"name":"(anonymous_24)","decl":{"start":{"line":158,"column":37},"end":{"line":158,"column":38}},"loc":{"start":{"line":158,"column":46},"end":{"line":164,"column":10}},"line":158},"25":{"name":"(anonymous_25)","decl":{"start":{"line":164,"column":18},"end":{"line":164,"column":19}},"loc":{"start":{"line":164,"column":29},"end":{"line":164,"column":44}},"line":164}},"branchMap":{"0":{"loc":{"start":{"line":12,"column":2},"end":{"line":30,"column":5}},"type":"if","locations":[{"start":{"line":12,"column":2},"end":{"line":30,"column":5}},{"start":{"line":12,"column":2},"end":{"line":30,"column":5}}],"line":12},"1":{"loc":{"start":{"line":14,"column":9},"end":{"line":30,"column":5}},"type":"if","locations":[{"start":{"line":14,"column":9},"end":{"line":30,"column":5}},{"start":{"line":14,"column":9},"end":{"line":30,"column":5}}],"line":14},"2":{"loc":{"start":{"line":16,"column":10},"end":{"line":30,"column":5}},"type":"if","locations":[{"start":{"line":16,"column":10},"end":{"line":30,"column":5}},{"start":{"line":16,"column":10},"end":{"line":30,"column":5}}],"line":16},"3":{"loc":{"start":{"line":22,"column":11},"end":{"line":30,"column":5}},"type":"if","locations":[{"start":{"line":22,"column":11},"end":{"line":30,"column":5}},{"start":{"line":22,"column":11},"end":{"line":30,"column":5}}],"line":22},"4":{"loc":{"start":{"line":45,"column":2},"end":{"line":90,"column":5}},"type":"if","locations":[{"start":{"line":45,"column":2},"end":{"line":90,"column":5}},{"start":{"line":45,"column":2},"end":{"line":90,"column":5}}],"line":45},"5":{"loc":{"start":{"line":47,"column":9},"end":{"line":90,"column":5}},"type":"if","locations":[{"start":{"line":47,"column":9},"end":{"line":90,"column":5}},{"start":{"line":47,"column":9},"end":{"line":90,"column":5}}],"line":47},"6":{"loc":{"start":{"line":47,"column":13},"end":{"line":47,"column":80}},"type":"binary-expr","locations":[{"start":{"line":47,"column":13},"end":{"line":47,"column":72}},{"start":{"line":47,"column":76},"end":{"line":47,"column":80}}],"line":47},"7":{"loc":{"start":{"line":48,"column":4},"end":{"line":56,"column":5}},"type":"if","locations":[{"start":{"line":48,"column":4},"end":{"line":56,"column":5}},{"start":{"line":48,"column":4},"end":{"line":56,"column":5}}],"line":48},"8":{"loc":{"start":{"line":48,"column":8},"end":{"line":48,"column":67}},"type":"binary-expr","locations":[{"start":{"line":48,"column":8},"end":{"line":48,"column":33}},{"start":{"line":48,"column":37},"end":{"line":48,"column":67}}],"line":48},"9":{"loc":{"start":{"line":57,"column":10},"end":{"line":90,"column":5}},"type":"if","locations":[{"start":{"line":57,"column":10},"end":{"line":90,"column":5}},{"start":{"line":57,"column":10},"end":{"line":90,"column":5}}],"line":57},"10":{"loc":{"start":{"line":72,"column":11},"end":{"line":90,"column":5}},"type":"if","locations":[{"start":{"line":72,"column":11},"end":{"line":90,"column":5}},{"start":{"line":72,"column":11},"end":{"line":90,"column":5}}],"line":72},"11":{"loc":{"start":{"line":106,"column":2},"end":{"line":171,"column":3}},"type":"if","locations":[{"start":{"line":106,"column":2},"end":{"line":171,"column":3}},{"start":{"line":106,"column":2},"end":{"line":171,"column":3}}],"line":106},"12":{"loc":{"start":{"line":112,"column":4},"end":{"line":169,"column":5}},"type":"if","locations":[{"start":{"line":112,"column":4},"end":{"line":169,"column":5}},{"start":{"line":112,"column":4},"end":{"line":169,"column":5}}],"line":112},"13":{"loc":{"start":{"line":117,"column":6},"end":{"line":167,"column":7}},"type":"if","locations":[{"start":{"line":117,"column":6},"end":{"line":167,"column":7}},{"start":{"line":117,"column":6},"end":{"line":167,"column":7}}],"line":117},"14":{"loc":{"start":{"line":122,"column":8},"end":{"line":165,"column":9}},"type":"if","locations":[{"start":{"line":122,"column":8},"end":{"line":165,"column":9}},{"start":{"line":122,"column":8},"end":{"line":165,"column":9}}],"line":122},"15":{"loc":{"start":{"line":126,"column":9},"end":{"line":136,"column":10}},"type":"if","locations":[{"start":{"line":126,"column":9},"end":{"line":136,"column":10}},{"start":{"line":126,"column":9},"end":{"line":136,"column":10}}],"line":126},"16":{"loc":{"start":{"line":126,"column":13},"end":{"line":126,"column":69}},"type":"binary-expr","locations":[{"start":{"line":126,"column":13},"end":{"line":126,"column":19}},{"start":{"line":126,"column":23},"end":{"line":126,"column":32}},{"start":{"line":126,"column":36},"end":{"line":126,"column":69}}],"line":126},"17":{"loc":{"start":{"line":133,"column":16},"end":{"line":136,"column":10}},"type":"if","locations":[{"start":{"line":133,"column":16},"end":{"line":136,"column":10}},{"start":{"line":133,"column":16},"end":{"line":136,"column":10}}],"line":133}},"s":{"0":0,"1":0,"2":0,"3":0,"4":0,"5":0,"6":0,"7":0,"8":0,"9":0,"10":0,"11":0,"12":0,"13":0,"14":0,"15":0,"16":0,"17":0,"18":0,"19":0,"20":0,"21":0,"22":0,"23":0,"24":0,"25":0,"26":0,"27":0,"28":0,"29":0,"30":0,"31":0,"32":0,"33":0,"34":0,"35":0,"36":0,"37":0,"38":0,"39":0,"40":0,"41":0,"42":0,"43":0,"44":0,"45":0,"46":0,"47":0,"48":0,"49":0,"50":0,"51":0,"52":0,"53":0,"54":0,"55":0,"56":0,"57":0,"58":0,"59":0,"60":0,"61":0,"62":0,"63":0,"64":0,"65":0,"66":0,"67":0},"f":{"0":0,"1":0,"2":0,"3":0,"4":0,"5":0,"6":0,"7":0,"8":0,"9":0,"10":0,"11":0,"12":0,"13":0,"14":0,"15":0,"16":0,"17":0,"18":0,"19":0,"20":0,"21":0,"22":0,"23":0,"24":0,"25":0},"b":{"0":[0,0],"1":[0,0],"2":[0,0],"3":[0,0],"4":[0,0],"5":[0,0],"6":[0,0],"7":[0,0],"8":[0,0],"9":[0,0],"10":[0,0],"11":[0,0],"12":[0,0],"13":[0,0],"14":[0,0],"15":[0,0],"16":[0,0,0],"17":[0,0]},"_coverageSchema":"1a1c01bbd47fc00a2c39e90264f33305004495a9","hash":"43d30d7cda844b3743f99cfa500eb35c2102978f"}
,"/Users/waynarbocangel/Documents/University_of_California_San_Diego/Spring_2022/cse_112/dev-waynar/cse112-sp22-group1/src/front-end/localStorage/updateFiles/updateTheme.js": {"path":"/Users/waynarbocangel/Documents/University_of_California_San_Diego/Spring_2022/cse_112/dev-waynar/cse112-sp22-group1/src/front-end/localStorage/updateFiles/updateTheme.js","statementMap":{},"fnMap":{"0":{"name":"updateThemePouch","decl":{"start":{"line":10,"column":17},"end":{"line":10,"column":33}},"loc":{"start":{"line":10,"column":56},"end":{"line":47,"column":1}},"line":10}},"branchMap":{},"s":{},"f":{"0":0},"b":{},"_coverageSchema":"1a1c01bbd47fc00a2c39e90264f33305004495a9","hash":"e27d402d86ea1e10ff29d2fffe606eb36f9af9a3"}
,"/Users/waynarbocangel/Documents/University_of_California_San_Diego/Spring_2022/cse_112/dev-waynar/cse112-sp22-group1/src/front-end/localStorage/updateFiles/updateTracker.js": {"path":"/Users/waynarbocangel/Documents/University_of_California_San_Diego/Spring_2022/cse_112/dev-waynar/cse112-sp22-group1/src/front-end/localStorage/updateFiles/updateTracker.js","statementMap":{"0":{"start":{"line":14,"column":1},"end":{"line":70,"column":3}}},"fnMap":{"0":{"name":"updateTrackerPouch","decl":{"start":{"line":13,"column":17},"end":{"line":13,"column":35}},"loc":{"start":{"line":13,"column":90},"end":{"line":71,"column":1}},"line":13},"1":{"name":"(anonymous_1)","decl":{"start":{"line":14,"column":10},"end":{"line":14,"column":11}},"loc":{"start":{"line":14,"column":25},"end":{"line":70,"column":2}},"line":14}},"branchMap":{},"s":{"0":0},"f":{"0":0,"1":0},"b":{},"_coverageSchema":"1a1c01bbd47fc00a2c39e90264f33305004495a9","hash":"181c5625ca79e639f2c5e79f58ccfc4d79a06ed1"}
,"/Users/waynarbocangel/Documents/University_of_California_San_Diego/Spring_2022/cse_112/dev-waynar/cse112-sp22-group1/src/front-end/localStorage/updateFiles/updateUser.js": {"path":"/Users/waynarbocangel/Documents/University_of_California_San_Diego/Spring_2022/cse_112/dev-waynar/cse112-sp22-group1/src/front-end/localStorage/updateFiles/updateUser.js","statementMap":{"0":{"start":{"line":11,"column":1},"end":{"line":54,"column":4}}},"fnMap":{"0":{"name":"updateUserOnline","decl":{"start":{"line":10,"column":17},"end":{"line":10,"column":33}},"loc":{"start":{"line":10,"column":45},"end":{"line":55,"column":1}},"line":10},"1":{"name":"(anonymous_1)","decl":{"start":{"line":11,"column":10},"end":{"line":11,"column":11}},"loc":{"start":{"line":11,"column":25},"end":{"line":54,"column":2}},"line":11}},"branchMap":{},"s":{"0":21},"f":{"0":21,"1":21},"b":{},"_coverageSchema":"1a1c01bbd47fc00a2c39e90264f33305004495a9","hash":"6f9724636882f7df6e3ecaf088942d8bf1cdc839"}
}
